#
# There is insufficient memory for the Java Runtime Environment to continue.
# Native memory allocation (malloc) failed to allocate 1032048 bytes for Chunk::new
# Possible reasons:
#   The system is out of physical RAM or swap space
#   The process is running with CompressedOops enabled, and the Java Heap may be blocking the growth of the native heap
# Possible solutions:
#   Reduce memory load on the system
#   Increase physical memory or swap space
#   Check if swap backing store is full
#   Decrease Java heap size (-Xmx/-Xms)
#   Decrease number of Java threads
#   Decrease Java thread stack sizes (-Xss)
#   Set larger code cache with -XX:ReservedCodeCacheSize=
#   JVM is running with Unscaled Compressed Oops mode in which the Java heap is
#     placed in the first 4GB address space. The Java Heap base address is the
#     maximum limit for the native heap growth. Please use -XX:HeapBaseMinAddress
#     to set the Java Heap base and to place the Java Heap above 4GB virtual address.
# This output file may be truncated or incomplete.
#
#  Out of Memory Error (./open/src/hotspot/share/memory/arena.cpp:195), pid=4232, tid=7616
#
# JRE version: Java(TM) SE Runtime Environment (15.0.2+7) (build 15.0.2+7-27)
# Java VM: Java HotSpot(TM) 64-Bit Server VM (15.0.2+7-27, mixed mode, sharing, tiered, compressed oops, g1 gc, windows-amd64)
# No core dump will be written. Minidumps are not enabled by default on client versions of Windows
#

---------------  S U M M A R Y ------------

Command Line: --add-opens=java.base/java.util=ALL-UNNAMED --add-opens=java.base/java.lang=ALL-UNNAMED --add-opens=java.base/java.lang.invoke=ALL-UNNAMED --add-opens=java.prefs/java.util.prefs=ALL-UNNAMED -Xmx2048m -Dfile.encoding=UTF-8 -Duser.country=US -Duser.language=en -Duser.variant org.gradle.launcher.daemon.bootstrap.GradleDaemon 6.8.1

Host: Intel(R) Core(TM) i7-7500U CPU @ 2.70GHz, 4 cores, 15G,  Windows 10 , 64 bit Build 19041 (10.0.19041.662)
Time: Sun Feb  7 23:19:30 2021 Central Asia Standard Time elapsed time: 6989.206364 seconds (0d 1h 56m 29s)

---------------  T H R E A D  ---------------

Current thread (0x00000112eece0170):  JavaThread "C2 CompilerThread0" daemon [_thread_in_native, id=7616, stack(0x0000000206b00000,0x0000000206c00000)]


Current CompileTask:
C2:6989206 28892       4       com.android.build.gradle.internal.scope.VariantScopeImpl::publishIntermediateArtifact (192 bytes)

Stack: [0x0000000206b00000,0x0000000206c00000]
Native frames: (J=compiled Java code, j=interpreted, Vv=VM code, C=native code)
V  [jvm.dll+0x62ae9a]
V  [jvm.dll+0x7817a9]
V  [jvm.dll+0x782f03]
V  [jvm.dll+0x783563]
V  [jvm.dll+0x216325]
V  [jvm.dll+0x97f3a]
V  [jvm.dll+0x9861c]
V  [jvm.dll+0x32e305]
V  [jvm.dll+0x2f768a]
V  [jvm.dll+0x2f6a4a]
V  [jvm.dll+0x1ea705]
V  [jvm.dll+0x1e996e]
V  [jvm.dll+0x178567]
V  [jvm.dll+0x1f9225]
V  [jvm.dll+0x1f72cc]
V  [jvm.dll+0x74495d]
V  [jvm.dll+0x73d75a]
V  [jvm.dll+0x629c56]
C  [ucrtbase.dll+0x214c2]
C  [KERNEL32.DLL+0x17034]
C  [ntdll.dll+0x4d0d1]


---------------  P R O C E S S  ---------------

Threads class SMR info:
_java_thread_list=0x00000112f1ab8650, length=134, elements={
0x00000112d096dd80, 0x00000112eecbd3d0, 0x00000112eecbe740, 0x00000112eecd49c0,
0x00000112eecd7480, 0x00000112eecdb6f0, 0x00000112eece0170, 0x00000112eece1c50,
0x00000112ef5f8070, 0x00000112ef715700, 0x00000112ef736cb0, 0x00000112f0e176f0,
0x00000112f0c57a00, 0x00000112f0fea400, 0x00000112f0c92680, 0x00000112f0c92b50,
0x00000112f0c91810, 0x00000112f0c93020, 0x00000112f0c91340, 0x00000112f2f78f10,
0x00000112f6314da0, 0x00000112f63118b0, 0x00000112f3c39dc0, 0x00000112f3c3c440,
0x00000112f7a46060, 0x00000112f7a45b90, 0x00000112f5ec7420, 0x00000112f5ec13e0,
0x00000112f5ec6f50, 0x00000112f5ec5270, 0x00000112f5ec0f10, 0x00000112f5ec5740,
0x00000112f5ec1d80, 0x00000112f5ec5c10, 0x00000112f5ec60e0, 0x00000112f5ec0a40,
0x00000112f5ec8760, 0x00000112f5ec18b0, 0x00000112f5ec2250, 0x00000112f5ec2720,
0x00000112f2f75080, 0x00000112f2f763c0, 0x00000112f2f76d60, 0x00000112f2f73870,
0x00000112f2f72530, 0x00000112f2f73d40, 0x00000112f2f75550, 0x00000112f2f746e0,
0x00000112f2f74210, 0x00000112f2f74bb0, 0x00000112f2f78570, 0x00000112f2f733a0,
0x00000112f2f75ef0, 0x00000112f2f75a20, 0x00000112f2f77230, 0x00000112f2f77700,
0x00000112f2f77bd0, 0x00000112f2f793e0, 0x00000112f2f780a0, 0x00000112f2f78a40,
0x00000112f2f798b0, 0x00000112f2f72060, 0x00000112f2f72a00, 0x00000112f2f72ed0,
0x00000112f3df03b0, 0x00000112f3defa10, 0x00000112f3df33d0, 0x00000112f3df5580,
0x00000112f3df4be0, 0x00000112f3defee0, 0x00000112f3df50b0, 0x00000112f3df5a50,
0x00000112f3dee6d0, 0x00000112f3df0880, 0x00000112f3def070, 0x00000112f3df0d50,
0x00000112f3def540, 0x00000112f3df16f0, 0x00000112f3df1220, 0x00000112f3df38a0,
0x00000112f3df3d70, 0x00000112f3df1bc0, 0x00000112f3df2090, 0x00000112f3df2560,
0x00000112f3df2a30, 0x00000112f3df2f00, 0x00000112f5d87f10, 0x00000112f5d83bb0,
0x00000112f5d86700, 0x00000112f5d853c0, 0x00000112f5d85890, 0x00000112f5d87a40,
0x00000112f5d883e0, 0x00000112f5d84080, 0x00000112f5d84a20, 0x00000112f5d85d60,
0x00000112f5d83210, 0x00000112f5d888b0, 0x00000112f5d81ed0, 0x00000112f5d86230,
0x00000112f5d86bd0, 0x00000112f5d81060, 0x00000112f5d82870, 0x00000112f5d81530,
0x00000112f5d823a0, 0x00000112f5d81a00, 0x00000112f5d87570, 0x00000112f3c37270,
0x00000112f3c35a60, 0x00000112f3c3a290, 0x00000112f3c3b5d0, 0x00000112f3c3cde0,
0x00000112f3c3ac30, 0x00000112f3c36400, 0x00000112f3c368d0, 0x00000112f3c38f50,
0x00000112f3c380e0, 0x00000112f3c37740, 0x00000112f3c385b0, 0x00000112f3c38a80,
0x00000112f3c3a760, 0x00000112f63178f0, 0x00000112f6315740, 0x00000112f6317dc0,
0x00000112f6318c30, 0x00000112f6312250, 0x00000112f6312bf0, 0x00000112f6313590,
0x00000112f6313f30, 0x00000112f5ec65b0, 0x00000112f5ec2bf0, 0x00000112f5ec3590,
0x00000112f5ec8290, 0x00000112f5cacf80
}

Java Threads: ( => current thread )
  0x00000112d096dd80 JavaThread "main" [_thread_blocked, id=10648, stack(0x0000000205f00000,0x0000000206000000)]
  0x00000112eecbd3d0 JavaThread "Reference Handler" daemon [_thread_blocked, id=8940, stack(0x0000000206600000,0x0000000206700000)]
  0x00000112eecbe740 JavaThread "Finalizer" daemon [_thread_blocked, id=2564, stack(0x0000000206700000,0x0000000206800000)]
  0x00000112eecd49c0 JavaThread "Signal Dispatcher" daemon [_thread_blocked, id=11268, stack(0x0000000206800000,0x0000000206900000)]
  0x00000112eecd7480 JavaThread "Attach Listener" daemon [_thread_blocked, id=3592, stack(0x0000000206900000,0x0000000206a00000)]
  0x00000112eecdb6f0 JavaThread "Service Thread" daemon [_thread_blocked, id=5708, stack(0x0000000206a00000,0x0000000206b00000)]
=>0x00000112eece0170 JavaThread "C2 CompilerThread0" daemon [_thread_in_native, id=7616, stack(0x0000000206b00000,0x0000000206c00000)]
  0x00000112eece1c50 JavaThread "C1 CompilerThread0" daemon [_thread_blocked, id=920, stack(0x0000000206c00000,0x0000000206d00000)]
  0x00000112ef5f8070 JavaThread "Sweeper thread" daemon [_thread_blocked, id=5844, stack(0x0000000206d00000,0x0000000206e00000)]
  0x00000112ef715700 JavaThread "Common-Cleaner" daemon [_thread_blocked, id=10552, stack(0x0000000206e00000,0x0000000206f00000)]
  0x00000112ef736cb0 JavaThread "Notification Thread" daemon [_thread_blocked, id=6056, stack(0x0000000206f00000,0x0000000207000000)]
  0x00000112f0e176f0 JavaThread "Daemon health stats" [_thread_blocked, id=3636, stack(0x0000000207100000,0x0000000207200000)]
  0x00000112f0c57a00 JavaThread "Incoming local TCP Connector on port 63161" [_thread_in_native, id=5132, stack(0x0000000207700000,0x0000000207800000)]
  0x00000112f0fea400 JavaThread "Daemon periodic checks" [_thread_blocked, id=3528, stack(0x0000000207800000,0x0000000207900000)]
  0x00000112f0c92680 JavaThread "Cache worker for file hash cache (C:\Users\meirb\.gradle\caches\6.8.1\fileHashes)" [_thread_blocked, id=1340, stack(0x0000000208000000,0x0000000208100000)]
  0x00000112f0c92b50 JavaThread "File lock request listener" [_thread_in_native, id=11424, stack(0x0000000208100000,0x0000000208200000)]
  0x00000112f0c91810 JavaThread "Cache worker for journal cache (C:\Users\meirb\.gradle\caches\journal-1)" [_thread_blocked, id=8672, stack(0x0000000208200000,0x0000000208300000)]
  0x00000112f0c93020 JavaThread "Cache worker for execution history cache (C:\Users\meirb\.gradle\caches\6.8.1\executionHistory)" [_thread_blocked, id=4336, stack(0x0000000208700000,0x0000000208800000)]
  0x00000112f0c91340 JavaThread "Cache worker for file content cache (C:\Users\meirb\.gradle\caches\6.8.1\fileContent)" [_thread_blocked, id=7540, stack(0x0000000208900000,0x0000000208a00000)]
  0x00000112f2f78f10 JavaThread "Memory manager" [_thread_blocked, id=2876, stack(0x000000020ef00000,0x000000020f000000)]
  0x00000112f6314da0 JavaThread "Cache worker for Java compile cache (C:\Users\meirb\.gradle\caches\6.8.1\javaCompile)" [_thread_blocked, id=8600, stack(0x000000020f900000,0x000000020fa00000)]
  0x00000112f63118b0 JavaThread "ForkJoinPool.commonPool-worker-3" daemon [_thread_blocked, id=8740, stack(0x0000000208f00000,0x0000000209000000)]
  0x00000112f3c39dc0 JavaThread "Daemon Thread 12" [_thread_blocked, id=10052, stack(0x0000000205c00000,0x0000000205d00000)]
  0x00000112f3c3c440 JavaThread "Daemon worker Thread 12" [_thread_blocked, id=6408, stack(0x0000000207500000,0x0000000207600000)]
  0x00000112f7a46060 JavaThread "ForkJoinPool.commonPool-worker-5" daemon [_thread_blocked, id=8084, stack(0x000000020fd00000,0x000000020fe00000)]
  0x00000112f7a45b90 JavaThread "ForkJoinPool.commonPool-worker-7" daemon [_thread_blocked, id=7968, stack(0x000000020fe00000,0x000000020ff00000)]
  0x00000112f5ec7420 JavaThread "jar transforms Thread 1236" [_thread_blocked, id=8036, stack(0x0000000208c00000,0x0000000208d00000)]
  0x00000112f5ec13e0 JavaThread "jar transforms Thread 1237" [_thread_blocked, id=11548, stack(0x0000000208d00000,0x0000000208e00000)]
  0x00000112f5ec6f50 JavaThread "jar transforms Thread 1238" [_thread_blocked, id=8852, stack(0x0000000208e00000,0x0000000208f00000)]
  0x00000112f5ec5270 JavaThread "jar transforms Thread 1239" [_thread_blocked, id=9908, stack(0x0000000209000000,0x0000000209100000)]
  0x00000112f5ec0f10 JavaThread "jar transforms Thread 1240" [_thread_blocked, id=7140, stack(0x0000000209100000,0x0000000209200000)]
  0x00000112f5ec5740 JavaThread "jar transforms Thread 1241" [_thread_blocked, id=3820, stack(0x0000000209200000,0x0000000209300000)]
  0x00000112f5ec1d80 JavaThread "jar transforms Thread 1242" [_thread_blocked, id=11360, stack(0x0000000209300000,0x0000000209400000)]
  0x00000112f5ec5c10 JavaThread "jar transforms Thread 1243" [_thread_blocked, id=11320, stack(0x0000000209400000,0x0000000209500000)]
  0x00000112f5ec60e0 JavaThread "jar transforms Thread 1244" [_thread_blocked, id=5764, stack(0x0000000209500000,0x0000000209600000)]
  0x00000112f5ec0a40 JavaThread "jar transforms Thread 1245" [_thread_blocked, id=4004, stack(0x0000000209600000,0x0000000209700000)]
  0x00000112f5ec8760 JavaThread "jar transforms Thread 1246" [_thread_blocked, id=6608, stack(0x0000000209700000,0x0000000209800000)]
  0x00000112f5ec18b0 JavaThread "jar transforms Thread 1247" [_thread_blocked, id=8812, stack(0x0000000209800000,0x0000000209900000)]
  0x00000112f5ec2250 JavaThread "jar transforms Thread 1248" [_thread_blocked, id=8232, stack(0x0000000209900000,0x0000000209a00000)]
  0x00000112f5ec2720 JavaThread "jar transforms Thread 1249" [_thread_blocked, id=1296, stack(0x0000000209a00000,0x0000000209b00000)]
  0x00000112f2f75080 JavaThread "jar transforms Thread 1250" [_thread_blocked, id=8436, stack(0x0000000209b00000,0x0000000209c00000)]
  0x00000112f2f763c0 JavaThread "jar transforms Thread 1251" [_thread_blocked, id=11480, stack(0x0000000209c00000,0x0000000209d00000)]
  0x00000112f2f76d60 JavaThread "jar transforms Thread 1252" [_thread_blocked, id=4472, stack(0x0000000209d00000,0x0000000209e00000)]
  0x00000112f2f73870 JavaThread "jar transforms Thread 1253" [_thread_blocked, id=5888, stack(0x0000000209e00000,0x0000000209f00000)]
  0x00000112f2f72530 JavaThread "jar transforms Thread 1254" [_thread_blocked, id=5636, stack(0x0000000209f00000,0x000000020a000000)]
  0x00000112f2f73d40 JavaThread "jar transforms Thread 1255" [_thread_blocked, id=5208, stack(0x000000020a000000,0x000000020a100000)]
  0x00000112f2f75550 JavaThread "jar transforms Thread 1256" [_thread_blocked, id=1604, stack(0x000000020a100000,0x000000020a200000)]
  0x00000112f2f746e0 JavaThread "jar transforms Thread 1257" [_thread_blocked, id=5932, stack(0x000000020a200000,0x000000020a300000)]
  0x00000112f2f74210 JavaThread "jar transforms Thread 1258" [_thread_blocked, id=6000, stack(0x000000020a300000,0x000000020a400000)]
  0x00000112f2f74bb0 JavaThread "jar transforms Thread 1259" [_thread_blocked, id=10980, stack(0x000000020a400000,0x000000020a500000)]
  0x00000112f2f78570 JavaThread "jar transforms Thread 1260" [_thread_blocked, id=8144, stack(0x000000020a500000,0x000000020a600000)]
  0x00000112f2f733a0 JavaThread "jar transforms Thread 1261" [_thread_blocked, id=5168, stack(0x000000020a600000,0x000000020a700000)]
  0x00000112f2f75ef0 JavaThread "jar transforms Thread 1262" [_thread_blocked, id=2540, stack(0x000000020a700000,0x000000020a800000)]
  0x00000112f2f75a20 JavaThread "jar transforms Thread 1263" [_thread_blocked, id=10732, stack(0x000000020a800000,0x000000020a900000)]
  0x00000112f2f77230 JavaThread "jar transforms Thread 1264" [_thread_blocked, id=8532, stack(0x000000020a900000,0x000000020aa00000)]
  0x00000112f2f77700 JavaThread "jar transforms Thread 1265" [_thread_blocked, id=7336, stack(0x000000020aa00000,0x000000020ab00000)]
  0x00000112f2f77bd0 JavaThread "jar transforms Thread 1266" [_thread_blocked, id=7820, stack(0x000000020ab00000,0x000000020ac00000)]
  0x00000112f2f793e0 JavaThread "jar transforms Thread 1267" [_thread_blocked, id=1988, stack(0x000000020ac00000,0x000000020ad00000)]
  0x00000112f2f780a0 JavaThread "jar transforms Thread 1268" [_thread_blocked, id=8620, stack(0x000000020ad00000,0x000000020ae00000)]
  0x00000112f2f78a40 JavaThread "jar transforms Thread 1269" [_thread_blocked, id=5348, stack(0x000000020ae00000,0x000000020af00000)]
  0x00000112f2f798b0 JavaThread "jar transforms Thread 1270" [_thread_blocked, id=1668, stack(0x000000020af00000,0x000000020b000000)]
  0x00000112f2f72060 JavaThread "jar transforms Thread 1271" [_thread_blocked, id=6876, stack(0x000000020b000000,0x000000020b100000)]
  0x00000112f2f72a00 JavaThread "jar transforms Thread 1272" [_thread_blocked, id=7032, stack(0x000000020b100000,0x000000020b200000)]
  0x00000112f2f72ed0 JavaThread "jar transforms Thread 1273" [_thread_blocked, id=9136, stack(0x000000020b200000,0x000000020b300000)]
  0x00000112f3df03b0 JavaThread "jar transforms Thread 1274" [_thread_blocked, id=2820, stack(0x000000020b300000,0x000000020b400000)]
  0x00000112f3defa10 JavaThread "jar transforms Thread 1275" [_thread_blocked, id=11500, stack(0x000000020b400000,0x000000020b500000)]
  0x00000112f3df33d0 JavaThread "jar transforms Thread 1276" [_thread_blocked, id=6244, stack(0x000000020b500000,0x000000020b600000)]
  0x00000112f3df5580 JavaThread "jar transforms Thread 1277" [_thread_blocked, id=7268, stack(0x000000020b600000,0x000000020b700000)]
  0x00000112f3df4be0 JavaThread "jar transforms Thread 1278" [_thread_blocked, id=10912, stack(0x000000020b700000,0x000000020b800000)]
  0x00000112f3defee0 JavaThread "jar transforms Thread 1279" [_thread_blocked, id=5248, stack(0x000000020b800000,0x000000020b900000)]
  0x00000112f3df50b0 JavaThread "jar transforms Thread 1280" [_thread_blocked, id=3476, stack(0x000000020b900000,0x000000020ba00000)]
  0x00000112f3df5a50 JavaThread "jar transforms Thread 1281" [_thread_blocked, id=6992, stack(0x000000020ba00000,0x000000020bb00000)]
  0x00000112f3dee6d0 JavaThread "jar transforms Thread 1282" [_thread_blocked, id=11432, stack(0x000000020bb00000,0x000000020bc00000)]
  0x00000112f3df0880 JavaThread "jar transforms Thread 1283" [_thread_blocked, id=12228, stack(0x000000020bc00000,0x000000020bd00000)]
  0x00000112f3def070 JavaThread "jar transforms Thread 1284" [_thread_blocked, id=9180, stack(0x000000020bd00000,0x000000020be00000)]
  0x00000112f3df0d50 JavaThread "jar transforms Thread 1285" [_thread_blocked, id=11036, stack(0x000000020be00000,0x000000020bf00000)]
  0x00000112f3def540 JavaThread "jar transforms Thread 1286" [_thread_blocked, id=3360, stack(0x000000020bf00000,0x000000020c000000)]
  0x00000112f3df16f0 JavaThread "jar transforms Thread 1287" [_thread_blocked, id=5440, stack(0x000000020c000000,0x000000020c100000)]
  0x00000112f3df1220 JavaThread "jar transforms Thread 1288" [_thread_blocked, id=9168, stack(0x000000020c100000,0x000000020c200000)]
  0x00000112f3df38a0 JavaThread "jar transforms Thread 1289" [_thread_blocked, id=2552, stack(0x000000020c200000,0x000000020c300000)]
  0x00000112f3df3d70 JavaThread "jar transforms Thread 1290" [_thread_blocked, id=10664, stack(0x000000020c300000,0x000000020c400000)]
  0x00000112f3df1bc0 JavaThread "jar transforms Thread 1291" [_thread_blocked, id=6140, stack(0x000000020c400000,0x000000020c500000)]
  0x00000112f3df2090 JavaThread "jar transforms Thread 1292" [_thread_blocked, id=2652, stack(0x000000020c500000,0x000000020c600000)]
  0x00000112f3df2560 JavaThread "jar transforms Thread 1293" [_thread_blocked, id=9004, stack(0x000000020c600000,0x000000020c700000)]
  0x00000112f3df2a30 JavaThread "jar transforms Thread 1294" [_thread_blocked, id=6816, stack(0x000000020c700000,0x000000020c800000)]
  0x00000112f3df2f00 JavaThread "jar transforms Thread 1295" [_thread_blocked, id=1648, stack(0x000000020c800000,0x000000020c900000)]
  0x00000112f5d87f10 JavaThread "jar transforms Thread 1296" [_thread_blocked, id=7620, stack(0x000000020c900000,0x000000020ca00000)]
  0x00000112f5d83bb0 JavaThread "jar transforms Thread 1297" [_thread_blocked, id=1520, stack(0x000000020ca00000,0x000000020cb00000)]
  0x00000112f5d86700 JavaThread "jar transforms Thread 1298" [_thread_blocked, id=1820, stack(0x000000020cb00000,0x000000020cc00000)]
  0x00000112f5d853c0 JavaThread "jar transforms Thread 1299" [_thread_blocked, id=10296, stack(0x000000020cc00000,0x000000020cd00000)]
  0x00000112f5d85890 JavaThread "jar transforms Thread 1300" [_thread_blocked, id=9016, stack(0x000000020cd00000,0x000000020ce00000)]
  0x00000112f5d87a40 JavaThread "jar transforms Thread 1301" [_thread_blocked, id=10040, stack(0x000000020ce00000,0x000000020cf00000)]
  0x00000112f5d883e0 JavaThread "jar transforms Thread 1302" [_thread_blocked, id=2656, stack(0x000000020cf00000,0x000000020d000000)]
  0x00000112f5d84080 JavaThread "jar transforms Thread 1303" [_thread_blocked, id=10704, stack(0x000000020d000000,0x000000020d100000)]
  0x00000112f5d84a20 JavaThread "jar transforms Thread 1304" [_thread_blocked, id=7348, stack(0x000000020d100000,0x000000020d200000)]
  0x00000112f5d85d60 JavaThread "jar transforms Thread 1305" [_thread_blocked, id=12212, stack(0x000000020d200000,0x000000020d300000)]
  0x00000112f5d83210 JavaThread "jar transforms Thread 1306" [_thread_blocked, id=4160, stack(0x000000020d300000,0x000000020d400000)]
  0x00000112f5d888b0 JavaThread "jar transforms Thread 1307" [_thread_blocked, id=11644, stack(0x000000020d400000,0x000000020d500000)]
  0x00000112f5d81ed0 JavaThread "jar transforms Thread 1308" [_thread_blocked, id=11396, stack(0x000000020d500000,0x000000020d600000)]
  0x00000112f5d86230 JavaThread "jar transforms Thread 1309" [_thread_blocked, id=6036, stack(0x000000020d600000,0x000000020d700000)]
  0x00000112f5d86bd0 JavaThread "jar transforms Thread 1310" [_thread_blocked, id=6396, stack(0x000000020d700000,0x000000020d800000)]
  0x00000112f5d81060 JavaThread "jar transforms Thread 1311" [_thread_blocked, id=968, stack(0x000000020d800000,0x000000020d900000)]
  0x00000112f5d82870 JavaThread "jar transforms Thread 1312" [_thread_blocked, id=7648, stack(0x000000020d900000,0x000000020da00000)]
  0x00000112f5d81530 JavaThread "jar transforms Thread 1313" [_thread_blocked, id=11516, stack(0x000000020da00000,0x000000020db00000)]
  0x00000112f5d823a0 JavaThread "jar transforms Thread 1314" [_thread_blocked, id=10540, stack(0x000000020db00000,0x000000020dc00000)]
  0x00000112f5d81a00 JavaThread "jar transforms Thread 1315" [_thread_blocked, id=264, stack(0x000000020dc00000,0x000000020dd00000)]
  0x00000112f5d87570 JavaThread "jar transforms Thread 1316" [_thread_blocked, id=9396, stack(0x000000020dd00000,0x000000020de00000)]
  0x00000112f3c37270 JavaThread "jar transforms Thread 1317" [_thread_blocked, id=7180, stack(0x000000020de00000,0x000000020df00000)]
  0x00000112f3c35a60 JavaThread "jar transforms Thread 1318" [_thread_blocked, id=1116, stack(0x000000020df00000,0x000000020e000000)]
  0x00000112f3c3a290 JavaThread "jar transforms Thread 1319" [_thread_blocked, id=3256, stack(0x000000020e000000,0x000000020e100000)]
  0x00000112f3c3b5d0 JavaThread "jar transforms Thread 1320" [_thread_blocked, id=8236, stack(0x000000020e100000,0x000000020e200000)]
  0x00000112f3c3cde0 JavaThread "jar transforms Thread 1321" [_thread_blocked, id=1580, stack(0x000000020e200000,0x000000020e300000)]
  0x00000112f3c3ac30 JavaThread "jar transforms Thread 1322" [_thread_blocked, id=2140, stack(0x000000020e300000,0x000000020e400000)]
  0x00000112f3c36400 JavaThread "jar transforms Thread 1323" [_thread_blocked, id=2352, stack(0x000000020e400000,0x000000020e500000)]
  0x00000112f3c368d0 JavaThread "jar transforms Thread 1324" [_thread_blocked, id=12128, stack(0x000000020e500000,0x000000020e600000)]
  0x00000112f3c38f50 JavaThread "jar transforms Thread 1325" [_thread_blocked, id=11436, stack(0x000000020e600000,0x000000020e700000)]
  0x00000112f3c380e0 JavaThread "jar transforms Thread 1326" [_thread_blocked, id=8776, stack(0x000000020e700000,0x000000020e800000)]
  0x00000112f3c37740 JavaThread "jar transforms Thread 1327" [_thread_blocked, id=4916, stack(0x000000020e800000,0x000000020e900000)]
  0x00000112f3c385b0 JavaThread "jar transforms Thread 1328" [_thread_blocked, id=1500, stack(0x000000020e900000,0x000000020ea00000)]
  0x00000112f3c38a80 JavaThread "jar transforms Thread 1329" [_thread_blocked, id=6776, stack(0x000000020ea00000,0x000000020eb00000)]
  0x00000112f3c3a760 JavaThread "jar transforms Thread 1330" [_thread_blocked, id=10228, stack(0x000000020eb00000,0x000000020ec00000)]
  0x00000112f63178f0 JavaThread "Handler for socket connection from /127.0.0.1:63161 to /127.0.0.1:52683" [_thread_in_native, id=3340, stack(0x0000000207600000,0x0000000207700000)]
  0x00000112f6315740 JavaThread "Cancel handler" [_thread_blocked, id=8124, stack(0x0000000207900000,0x0000000207a00000)]
  0x00000112f6317dc0 JavaThread "Asynchronous log dispatcher for DefaultDaemonConnection: socket connection from /127.0.0.1:63161 to /127.0.0.1:52683" [_thread_blocked, id=11660, stack(0x0000000207a00000,0x0000000207b00000)]
  0x00000112f6318c30 JavaThread "Stdin handler" [_thread_blocked, id=9976, stack(0x0000000207b00000,0x0000000207c00000)]
  0x00000112f6312250 JavaThread "Daemon client event forwarder" [_thread_blocked, id=9776, stack(0x0000000207c00000,0x0000000207d00000)]
  0x00000112f6312bf0 JavaThread "Cache worker for file hash cache (C:\Users\meirb\AndroidStudioProjects\BMK01\.gradle\6.8.1\fileHashes)" [_thread_blocked, id=11820, stack(0x0000000207d00000,0x0000000207e00000)]
  0x00000112f6313590 JavaThread "Cache worker for checksums cache (C:\Users\meirb\AndroidStudioProjects\BMK01\.gradle\checksums)" [_thread_blocked, id=10828, stack(0x0000000207e00000,0x0000000207f00000)]
  0x00000112f6313f30 JavaThread "Cache worker for cache directory md-rule (C:\Users\meirb\.gradle\caches\6.8.1\md-rule)" [_thread_blocked, id=1608, stack(0x0000000208300000,0x0000000208400000)]
  0x00000112f5ec65b0 JavaThread "Build operations" [_thread_blocked, id=11892, stack(0x0000000208500000,0x0000000208600000)]
  0x00000112f5ec2bf0 JavaThread "Build operations Thread 2" [_thread_blocked, id=1376, stack(0x0000000208600000,0x0000000208700000)]
  0x00000112f5ec3590 JavaThread "Build operations Thread 3" [_thread_blocked, id=760, stack(0x0000000208800000,0x0000000208900000)]
  0x00000112f5ec8290 JavaThread "Build operations Thread 4" [_thread_blocked, id=7228, stack(0x0000000208b00000,0x0000000208c00000)]
  0x00000112f5cacf80 JavaThread "C2 CompilerThread1" daemon [_thread_blocked, id=7628, stack(0x000000020ec00000,0x000000020ed00000)]

Other Threads:
  0x00000112eecb8390 VMThread "VM Thread" [stack: 0x0000000206500000,0x0000000206600000] [id=1952]
  0x00000112ef73c9a0 WatcherThread [stack: 0x0000000207000000,0x0000000207100000] [id=1564]
  0x00000112d09ae7f0 GCTaskThread "GC Thread#0" [stack: 0x0000000206000000,0x0000000206100000] [id=6152]
  0x00000112efef2a20 GCTaskThread "GC Thread#1" [stack: 0x0000000207200000,0x0000000207300000] [id=5392]
  0x00000112efef1a30 GCTaskThread "GC Thread#2" [stack: 0x0000000207300000,0x0000000207400000] [id=10492]
  0x00000112efef23c0 GCTaskThread "GC Thread#3" [stack: 0x0000000207400000,0x0000000207500000] [id=2096]
  0x00000112d09c09d0 ConcurrentGCThread "G1 Main Marker" [stack: 0x0000000206100000,0x0000000206200000] [id=11616]
  0x00000112d09c1d60 ConcurrentGCThread "G1 Conc#0" [stack: 0x0000000206200000,0x0000000206300000] [id=1480]
  0x00000112d0a4de10 ConcurrentGCThread "G1 Refine#0" [stack: 0x0000000206300000,0x0000000206400000] [id=8796]
  0x00000112f13c4420 ConcurrentGCThread "G1 Refine#1" [stack: 0x0000000208a00000,0x0000000208b00000] [id=5592]
  0x00000112f6a0a440 ConcurrentGCThread "G1 Refine#2" [stack: 0x000000020ee00000,0x000000020ef00000] [id=11632]
  0x00000112f6a08ca0 ConcurrentGCThread "G1 Refine#3" [stack: 0x000000020f400000,0x000000020f500000] [id=9456]
  0x00000112d0a4ea10 ConcurrentGCThread "G1 Young RemSet Sampling" [stack: 0x0000000206400000,0x0000000206500000] [id=7780]

Threads with active compile tasks:
C2 CompilerThread0  6989395 28892       4       com.android.build.gradle.internal.scope.VariantScopeImpl::publishIntermediateArtifact (192 bytes)

VM state: not at safepoint (normal execution)

VM Mutex/Monitor currently owned by a thread: None

OutOfMemory and StackOverflow Exception counts:
OutOfMemoryError java_heap_errors=1
LinkageErrors=310

Heap address: 0x0000000080000000, size: 2048 MB, Compressed Oops mode: 32-bit
CDS archive(s) mapped at: [0x0000000800000000-0x0000000800b50000-0x0000000800b50000), size 11862016, SharedBaseAddress: 0x0000000800000000, ArchiveRelocationMode: 0.
Compressed class space mapped at: 0x0000000800b50000-0x0000000840b50000, size: 1073741824
Narrow klass base: 0x0000000800000000, Narrow klass shift: 3, Narrow klass range: 0x100000000

GC Precious Log:
 CPUs: 4 total, 4 available
 Memory: 16261M
 Large Page Support: Disabled
 NUMA Support: Disabled
 Compressed Oops: Enabled (32-bit)
 Heap Region Size: 1M
 Heap Min Capacity: 8M
 Heap Initial Capacity: 256M
 Heap Max Capacity: 2G
 Pre-touch: Disabled
 Parallel Workers: 4
 Concurrent Workers: 1
 Concurrent Refinement Workers: 4
 Periodic GC: Disabled

Heap:
 garbage-first heap   total 220160K, used 119587K [0x0000000080000000, 0x0000000100000000)
  region size 1024K, 34 young (34816K), 3 survivors (3072K)
 Metaspace       used 111077K, capacity 113660K, committed 114096K, reserved 1148928K
  class space    used 13637K, capacity 14428K, committed 14592K, reserved 1048576K

Heap Regions: E=young(eden), S=young(survivor), O=old, HS=humongous(starts), HC=humongous(continues), CS=collection set, F=free, OA=open archive, CA=closed archive, TAMS=top-at-mark-start (previous, next)
|   0|0x0000000080000000, 0x0000000080100000, 0x0000000080100000|100%| O|  |TAMS 0x0000000080100000, 0x0000000080000000| Untracked 
|   1|0x0000000080100000, 0x0000000080200000, 0x0000000080200000|100%| O|  |TAMS 0x0000000080200000, 0x0000000080100000| Untracked 
|   2|0x0000000080200000, 0x0000000080300000, 0x0000000080300000|100%| O|  |TAMS 0x0000000080300000, 0x0000000080200000| Untracked 
|   3|0x0000000080300000, 0x0000000080400000, 0x0000000080400000|100%|HS|  |TAMS 0x0000000080400000, 0x0000000080300000| Complete 
|   4|0x0000000080400000, 0x0000000080500000, 0x0000000080500000|100%|HC|  |TAMS 0x0000000080500000, 0x0000000080400000| Complete 
|   5|0x0000000080500000, 0x0000000080600000, 0x0000000080600000|100%|HC|  |TAMS 0x0000000080600000, 0x0000000080500000| Complete 
|   6|0x0000000080600000, 0x0000000080700000, 0x0000000080700000|100%| O|  |TAMS 0x0000000080700000, 0x0000000080600000| Untracked 
|   7|0x0000000080700000, 0x0000000080800000, 0x0000000080800000|100%| O|  |TAMS 0x0000000080800000, 0x0000000080700000| Untracked 
|   8|0x0000000080800000, 0x0000000080900000, 0x0000000080900000|100%| O|  |TAMS 0x0000000080900000, 0x0000000080800000| Untracked 
|   9|0x0000000080900000, 0x0000000080a00000, 0x0000000080a00000|100%| O|  |TAMS 0x0000000080a00000, 0x0000000080900000| Untracked 
|  10|0x0000000080a00000, 0x0000000080b00000, 0x0000000080b00000|100%| O|  |TAMS 0x0000000080b00000, 0x0000000080a00000| Untracked 
|  11|0x0000000080b00000, 0x0000000080c00000, 0x0000000080c00000|100%| O|  |TAMS 0x0000000080c00000, 0x0000000080b00000| Untracked 
|  12|0x0000000080c00000, 0x0000000080d00000, 0x0000000080d00000|100%| O|  |TAMS 0x0000000080d00000, 0x0000000080c00000| Untracked 
|  13|0x0000000080d00000, 0x0000000080d00000, 0x0000000080e00000|  0%| F|  |TAMS 0x0000000080d00000, 0x0000000080d00000| Untracked 
|  14|0x0000000080e00000, 0x0000000080e00000, 0x0000000080f00000|  0%| F|  |TAMS 0x0000000080e00000, 0x0000000080e00000| Untracked 
|  15|0x0000000080f00000, 0x0000000081000000, 0x0000000081000000|100%| O|  |TAMS 0x0000000081000000, 0x0000000080f00000| Untracked 
|  16|0x0000000081000000, 0x0000000081100000, 0x0000000081100000|100%| O|  |TAMS 0x0000000081100000, 0x0000000081000000| Untracked 
|  17|0x0000000081100000, 0x0000000081200000, 0x0000000081200000|100%| O|  |TAMS 0x0000000081200000, 0x0000000081100000| Untracked 
|  18|0x0000000081200000, 0x0000000081300000, 0x0000000081300000|100%| O|  |TAMS 0x0000000081300000, 0x0000000081200000| Untracked 
|  19|0x0000000081300000, 0x0000000081400000, 0x0000000081400000|100%| O|  |TAMS 0x0000000081400000, 0x0000000081300000| Untracked 
|  20|0x0000000081400000, 0x0000000081500000, 0x0000000081500000|100%| O|  |TAMS 0x0000000081500000, 0x0000000081400000| Untracked 
|  21|0x0000000081500000, 0x0000000081600000, 0x0000000081600000|100%|HS|  |TAMS 0x0000000081600000, 0x0000000081500000| Complete 
|  22|0x0000000081600000, 0x0000000081700000, 0x0000000081700000|100%|HS|  |TAMS 0x0000000081700000, 0x0000000081600000| Complete 
|  23|0x0000000081700000, 0x0000000081800000, 0x0000000081800000|100%|HC|  |TAMS 0x0000000081800000, 0x0000000081700000| Complete 
|  24|0x0000000081800000, 0x0000000081900000, 0x0000000081900000|100%| O|  |TAMS 0x0000000081900000, 0x0000000081800000| Untracked 
|  25|0x0000000081900000, 0x0000000081900000, 0x0000000081a00000|  0%| F|  |TAMS 0x0000000081900000, 0x0000000081900000| Untracked 
|  26|0x0000000081a00000, 0x0000000081b00000, 0x0000000081b00000|100%| O|  |TAMS 0x0000000081b00000, 0x0000000081a00000| Untracked 
|  27|0x0000000081b00000, 0x0000000081c00000, 0x0000000081c00000|100%| O|  |TAMS 0x0000000081c00000, 0x0000000081b00000| Untracked 
|  28|0x0000000081c00000, 0x0000000081d00000, 0x0000000081d00000|100%| O|  |TAMS 0x0000000081d00000, 0x0000000081c00000| Untracked 
|  29|0x0000000081d00000, 0x0000000081e00000, 0x0000000081e00000|100%| O|  |TAMS 0x0000000081e00000, 0x0000000081d00000| Untracked 
|  30|0x0000000081e00000, 0x0000000081f00000, 0x0000000081f00000|100%| O|  |TAMS 0x0000000081f00000, 0x0000000081e00000| Untracked 
|  31|0x0000000081f00000, 0x0000000081f00000, 0x0000000082000000|  0%| F|  |TAMS 0x0000000081f00000, 0x0000000081f00000| Untracked 
|  32|0x0000000082000000, 0x0000000082100000, 0x0000000082100000|100%| O|  |TAMS 0x0000000082100000, 0x0000000082000000| Untracked 
|  33|0x0000000082100000, 0x0000000082200000, 0x0000000082200000|100%| O|  |TAMS 0x0000000082200000, 0x0000000082100000| Untracked 
|  34|0x0000000082200000, 0x0000000082300000, 0x0000000082300000|100%| O|  |TAMS 0x0000000082300000, 0x0000000082200000| Untracked 
|  35|0x0000000082300000, 0x0000000082400000, 0x0000000082400000|100%| O|  |TAMS 0x0000000082400000, 0x0000000082300000| Untracked 
|  36|0x0000000082400000, 0x0000000082500000, 0x0000000082500000|100%| O|  |TAMS 0x0000000082500000, 0x0000000082400000| Untracked 
|  37|0x0000000082500000, 0x0000000082600000, 0x0000000082600000|100%| O|  |TAMS 0x0000000082600000, 0x0000000082500000| Untracked 
|  38|0x0000000082600000, 0x0000000082600000, 0x0000000082700000|  0%| F|  |TAMS 0x0000000082600000, 0x0000000082600000| Untracked 
|  39|0x0000000082700000, 0x0000000082800000, 0x0000000082800000|100%| O|  |TAMS 0x0000000082800000, 0x0000000082700000| Untracked 
|  40|0x0000000082800000, 0x0000000082900000, 0x0000000082900000|100%| O|  |TAMS 0x0000000082900000, 0x0000000082800000| Untracked 
|  41|0x0000000082900000, 0x0000000082a00000, 0x0000000082a00000|100%| O|  |TAMS 0x0000000082a00000, 0x0000000082900000| Untracked 
|  42|0x0000000082a00000, 0x0000000082b00000, 0x0000000082b00000|100%| O|  |TAMS 0x0000000082b00000, 0x0000000082a00000| Untracked 
|  43|0x0000000082b00000, 0x0000000082c00000, 0x0000000082c00000|100%|HS|  |TAMS 0x0000000082b00000, 0x0000000082b00000| Complete 
|  44|0x0000000082c00000, 0x0000000082d00000, 0x0000000082d00000|100%|HC|  |TAMS 0x0000000082c00000, 0x0000000082c00000| Complete 
|  45|0x0000000082d00000, 0x0000000082e00000, 0x0000000082e00000|100%| O|  |TAMS 0x0000000082e00000, 0x0000000082d00000| Untracked 
|  46|0x0000000082e00000, 0x0000000082f00000, 0x0000000082f00000|100%| O|  |TAMS 0x0000000082f00000, 0x0000000082e00000| Untracked 
|  47|0x0000000082f00000, 0x0000000083000000, 0x0000000083000000|100%| O|  |TAMS 0x0000000083000000, 0x0000000082f00000| Untracked 
|  48|0x0000000083000000, 0x0000000083100000, 0x0000000083100000|100%| O|  |TAMS 0x0000000083100000, 0x0000000083000000| Untracked 
|  49|0x0000000083100000, 0x0000000083200000, 0x0000000083200000|100%| O|  |TAMS 0x0000000083200000, 0x0000000083100000| Untracked 
|  50|0x0000000083200000, 0x0000000083300000, 0x0000000083300000|100%| O|  |TAMS 0x0000000083300000, 0x0000000083200000| Untracked 
|  51|0x0000000083300000, 0x0000000083400000, 0x0000000083400000|100%| O|  |TAMS 0x0000000083400000, 0x0000000083300000| Untracked 
|  52|0x0000000083400000, 0x0000000083500000, 0x0000000083500000|100%| O|  |TAMS 0x0000000083500000, 0x0000000083400000| Untracked 
|  53|0x0000000083500000, 0x0000000083600000, 0x0000000083600000|100%| O|  |TAMS 0x0000000083600000, 0x0000000083500000| Untracked 
|  54|0x0000000083600000, 0x0000000083600000, 0x0000000083700000|  0%| F|  |TAMS 0x0000000083600000, 0x0000000083600000| Untracked 
|  55|0x0000000083700000, 0x0000000083800000, 0x0000000083800000|100%| O|  |TAMS 0x0000000083800000, 0x0000000083700000| Untracked 
|  56|0x0000000083800000, 0x0000000083900000, 0x0000000083900000|100%| O|  |TAMS 0x0000000083900000, 0x0000000083800000| Untracked 
|  57|0x0000000083900000, 0x0000000083a00000, 0x0000000083a00000|100%| O|  |TAMS 0x0000000083a00000, 0x0000000083900000| Untracked 
|  58|0x0000000083a00000, 0x0000000083b00000, 0x0000000083b00000|100%| O|  |TAMS 0x0000000083b00000, 0x0000000083a00000| Untracked 
|  59|0x0000000083b00000, 0x0000000083c00000, 0x0000000083c00000|100%| O|  |TAMS 0x0000000083c00000, 0x0000000083b00000| Untracked 
|  60|0x0000000083c00000, 0x0000000083d00000, 0x0000000083d00000|100%| O|  |TAMS 0x0000000083d00000, 0x0000000083c00000| Untracked 
|  61|0x0000000083d00000, 0x0000000083d00000, 0x0000000083e00000|  0%| F|  |TAMS 0x0000000083d00000, 0x0000000083d00000| Untracked 
|  62|0x0000000083e00000, 0x0000000083f00000, 0x0000000083f00000|100%| O|  |TAMS 0x0000000083f00000, 0x0000000083e00000| Untracked 
|  63|0x0000000083f00000, 0x0000000083f00000, 0x0000000084000000|  0%| F|  |TAMS 0x0000000083f00000, 0x0000000083f00000| Untracked 
|  64|0x0000000084000000, 0x0000000084100000, 0x0000000084100000|100%| O|  |TAMS 0x0000000084100000, 0x0000000084000000| Untracked 
|  65|0x0000000084100000, 0x0000000084200000, 0x0000000084200000|100%| O|  |TAMS 0x0000000084200000, 0x0000000084100000| Untracked 
|  66|0x0000000084200000, 0x0000000084300000, 0x0000000084300000|100%|HS|  |TAMS 0x0000000084200000, 0x0000000084200000| Complete 
|  67|0x0000000084300000, 0x0000000084400000, 0x0000000084400000|100%|HC|  |TAMS 0x0000000084300000, 0x0000000084300000| Complete 
|  68|0x0000000084400000, 0x0000000084500000, 0x0000000084500000|100%| O|  |TAMS 0x0000000084500000, 0x0000000084400000| Untracked 
|  69|0x0000000084500000, 0x0000000084600000, 0x0000000084600000|100%| O|  |TAMS 0x0000000084600000, 0x0000000084500000| Untracked 
|  70|0x0000000084600000, 0x0000000084700000, 0x0000000084700000|100%| O|  |TAMS 0x0000000084700000, 0x0000000084600000| Untracked 
|  71|0x0000000084700000, 0x0000000084800000, 0x0000000084800000|100%| O|  |TAMS 0x0000000084800000, 0x0000000084700000| Untracked 
|  72|0x0000000084800000, 0x0000000084900000, 0x0000000084900000|100%| O|  |TAMS 0x0000000084900000, 0x0000000084800000| Untracked 
|  73|0x0000000084900000, 0x0000000084900000, 0x0000000084a00000|  0%| F|  |TAMS 0x0000000084900000, 0x0000000084900000| Untracked 
|  74|0x0000000084a00000, 0x0000000084b00000, 0x0000000084b00000|100%| O|  |TAMS 0x0000000084b00000, 0x0000000084a00000| Untracked 
|  75|0x0000000084b00000, 0x0000000084b00000, 0x0000000084c00000|  0%| F|  |TAMS 0x0000000084b00000, 0x0000000084b00000| Untracked 
|  76|0x0000000084c00000, 0x0000000084d00000, 0x0000000084d00000|100%| O|  |TAMS 0x0000000084d00000, 0x0000000084c00000| Untracked 
|  77|0x0000000084d00000, 0x0000000084e00000, 0x0000000084e00000|100%| O|  |TAMS 0x0000000084e00000, 0x0000000084d00000| Untracked 
|  78|0x0000000084e00000, 0x0000000084e00000, 0x0000000084f00000|  0%| F|  |TAMS 0x0000000084e00000, 0x0000000084e00000| Untracked 
|  79|0x0000000084f00000, 0x0000000085000000, 0x0000000085000000|100%| O|  |TAMS 0x0000000085000000, 0x0000000084f00000| Untracked 
|  80|0x0000000085000000, 0x0000000085100000, 0x0000000085100000|100%| O|  |TAMS 0x0000000085100000, 0x0000000085000000| Untracked 
|  81|0x0000000085100000, 0x0000000085200000, 0x0000000085200000|100%|HS|  |TAMS 0x0000000085100000, 0x0000000085100000| Complete 
|  82|0x0000000085200000, 0x0000000085300000, 0x0000000085300000|100%|HC|  |TAMS 0x0000000085200000, 0x0000000085200000| Complete 
|  83|0x0000000085300000, 0x0000000085400000, 0x0000000085400000|100%| O|  |TAMS 0x0000000085400000, 0x0000000085300000| Untracked 
|  84|0x0000000085400000, 0x0000000085400000, 0x0000000085500000|  0%| F|  |TAMS 0x0000000085400000, 0x0000000085400000| Untracked 
|  85|0x0000000085500000, 0x0000000085600000, 0x0000000085600000|100%| O|  |TAMS 0x0000000085600000, 0x0000000085500000| Untracked 
|  86|0x0000000085600000, 0x0000000085600000, 0x0000000085700000|  0%| F|  |TAMS 0x0000000085600000, 0x0000000085600000| Untracked 
|  87|0x0000000085700000, 0x0000000085800000, 0x0000000085800000|100%| O|  |TAMS 0x0000000085800000, 0x0000000085700000| Untracked 
|  88|0x0000000085800000, 0x0000000085900000, 0x0000000085900000|100%| O|  |TAMS 0x0000000085900000, 0x0000000085800000| Untracked 
|  89|0x0000000085900000, 0x0000000085900000, 0x0000000085a00000|  0%| F|  |TAMS 0x0000000085900000, 0x0000000085900000| Untracked 
|  90|0x0000000085a00000, 0x0000000085aea800, 0x0000000085b00000| 91%| O|  |TAMS 0x0000000085aea800, 0x0000000085a00000| Untracked 
|  91|0x0000000085b00000, 0x0000000085c00000, 0x0000000085c00000|100%|HS|  |TAMS 0x0000000085b00000, 0x0000000085b00000| Complete 
|  92|0x0000000085c00000, 0x0000000085d00000, 0x0000000085d00000|100%|HC|  |TAMS 0x0000000085c00000, 0x0000000085c00000| Complete 
|  93|0x0000000085d00000, 0x0000000085e00000, 0x0000000085e00000|100%| O|  |TAMS 0x0000000085e00000, 0x0000000085d00000| Untracked 
|  94|0x0000000085e00000, 0x0000000085f00000, 0x0000000085f00000|100%| O|  |TAMS 0x0000000085f00000, 0x0000000085e00000| Untracked 
|  95|0x0000000085f00000, 0x0000000086000000, 0x0000000086000000|100%| O|  |TAMS 0x0000000086000000, 0x0000000085f00000| Untracked 
|  96|0x0000000086000000, 0x0000000086100000, 0x0000000086100000|100%|HS|  |TAMS 0x0000000086000000, 0x0000000086000000| Complete 
|  97|0x0000000086100000, 0x0000000086200000, 0x0000000086200000|100%|HC|  |TAMS 0x0000000086100000, 0x0000000086100000| Complete 
|  98|0x0000000086200000, 0x0000000086200000, 0x0000000086300000|  0%| F|  |TAMS 0x0000000086200000, 0x0000000086200000| Untracked 
|  99|0x0000000086300000, 0x0000000086400000, 0x0000000086400000|100%| O|  |TAMS 0x0000000086400000, 0x0000000086300000| Untracked 
| 100|0x0000000086400000, 0x0000000086400000, 0x0000000086500000|  0%| F|  |TAMS 0x0000000086400000, 0x0000000086400000| Untracked 
| 101|0x0000000086500000, 0x0000000086500000, 0x0000000086600000|  0%| F|  |TAMS 0x0000000086500000, 0x0000000086500000| Untracked 
| 102|0x0000000086600000, 0x0000000086600000, 0x0000000086700000|  0%| F|  |TAMS 0x0000000086600000, 0x0000000086600000| Untracked 
| 103|0x0000000086700000, 0x0000000086700000, 0x0000000086800000|  0%| F|  |TAMS 0x0000000086700000, 0x0000000086700000| Untracked 
| 104|0x0000000086800000, 0x0000000086800000, 0x0000000086900000|  0%| F|  |TAMS 0x0000000086800000, 0x0000000086800000| Untracked 
| 105|0x0000000086900000, 0x0000000086900000, 0x0000000086a00000|  0%| F|  |TAMS 0x0000000086900000, 0x0000000086900000| Untracked 
| 106|0x0000000086a00000, 0x0000000086a00000, 0x0000000086b00000|  0%| F|  |TAMS 0x0000000086a00000, 0x0000000086a00000| Untracked 
| 107|0x0000000086b00000, 0x0000000086b00000, 0x0000000086c00000|  0%| F|  |TAMS 0x0000000086b00000, 0x0000000086b00000| Untracked 
| 108|0x0000000086c00000, 0x0000000086c00000, 0x0000000086d00000|  0%| F|  |TAMS 0x0000000086c00000, 0x0000000086c00000| Untracked 
| 109|0x0000000086d00000, 0x0000000086d00000, 0x0000000086e00000|  0%| F|  |TAMS 0x0000000086d00000, 0x0000000086d00000| Untracked 
| 110|0x0000000086e00000, 0x0000000086e00000, 0x0000000086f00000|  0%| F|  |TAMS 0x0000000086e00000, 0x0000000086e00000| Untracked 
| 111|0x0000000086f00000, 0x0000000086f00000, 0x0000000087000000|  0%| F|  |TAMS 0x0000000086f00000, 0x0000000086f00000| Untracked 
| 112|0x0000000087000000, 0x0000000087000000, 0x0000000087100000|  0%| F|  |TAMS 0x0000000087000000, 0x0000000087000000| Untracked 
| 113|0x0000000087100000, 0x0000000087100000, 0x0000000087200000|  0%| F|  |TAMS 0x0000000087100000, 0x0000000087100000| Untracked 
| 114|0x0000000087200000, 0x0000000087200000, 0x0000000087300000|  0%| F|  |TAMS 0x0000000087200000, 0x0000000087200000| Untracked 
| 115|0x0000000087300000, 0x0000000087300000, 0x0000000087400000|  0%| F|  |TAMS 0x0000000087300000, 0x0000000087300000| Untracked 
| 116|0x0000000087400000, 0x0000000087400000, 0x0000000087500000|  0%| F|  |TAMS 0x0000000087400000, 0x0000000087400000| Untracked 
| 117|0x0000000087500000, 0x0000000087500000, 0x0000000087600000|  0%| F|  |TAMS 0x0000000087500000, 0x0000000087500000| Untracked 
| 118|0x0000000087600000, 0x0000000087600000, 0x0000000087700000|  0%| F|  |TAMS 0x0000000087600000, 0x0000000087600000| Untracked 
| 119|0x0000000087700000, 0x0000000087700000, 0x0000000087800000|  0%| F|  |TAMS 0x0000000087700000, 0x0000000087700000| Untracked 
| 120|0x0000000087800000, 0x0000000087800000, 0x0000000087900000|  0%| F|  |TAMS 0x0000000087800000, 0x0000000087800000| Untracked 
| 121|0x0000000087900000, 0x0000000087900000, 0x0000000087a00000|  0%| F|  |TAMS 0x0000000087900000, 0x0000000087900000| Untracked 
| 122|0x0000000087a00000, 0x0000000087a00000, 0x0000000087b00000|  0%| F|  |TAMS 0x0000000087a00000, 0x0000000087a00000| Untracked 
| 123|0x0000000087b00000, 0x0000000087b00000, 0x0000000087c00000|  0%| F|  |TAMS 0x0000000087b00000, 0x0000000087b00000| Untracked 
| 124|0x0000000087c00000, 0x0000000087c00000, 0x0000000087d00000|  0%| F|  |TAMS 0x0000000087c00000, 0x0000000087c00000| Untracked 
| 125|0x0000000087d00000, 0x0000000087d00000, 0x0000000087e00000|  0%| F|  |TAMS 0x0000000087d00000, 0x0000000087d00000| Untracked 
| 126|0x0000000087e00000, 0x0000000087e00000, 0x0000000087f00000|  0%| F|  |TAMS 0x0000000087e00000, 0x0000000087e00000| Untracked 
| 127|0x0000000087f00000, 0x0000000087f00000, 0x0000000088000000|  0%| F|  |TAMS 0x0000000087f00000, 0x0000000087f00000| Untracked 
| 128|0x0000000088000000, 0x0000000088000000, 0x0000000088100000|  0%| F|  |TAMS 0x0000000088000000, 0x0000000088000000| Untracked 
| 129|0x0000000088100000, 0x0000000088100000, 0x0000000088200000|  0%| F|  |TAMS 0x0000000088100000, 0x0000000088100000| Untracked 
| 130|0x0000000088200000, 0x0000000088200000, 0x0000000088300000|  0%| F|  |TAMS 0x0000000088200000, 0x0000000088200000| Untracked 
| 131|0x0000000088300000, 0x0000000088300000, 0x0000000088400000|  0%| F|  |TAMS 0x0000000088300000, 0x0000000088300000| Untracked 
| 132|0x0000000088400000, 0x0000000088400000, 0x0000000088500000|  0%| F|  |TAMS 0x0000000088400000, 0x0000000088400000| Untracked 
| 133|0x0000000088500000, 0x0000000088500000, 0x0000000088600000|  0%| F|  |TAMS 0x0000000088500000, 0x0000000088500000| Untracked 
| 134|0x0000000088600000, 0x0000000088600000, 0x0000000088700000|  0%| F|  |TAMS 0x0000000088600000, 0x0000000088600000| Untracked 
| 135|0x0000000088700000, 0x0000000088700000, 0x0000000088800000|  0%| F|  |TAMS 0x0000000088700000, 0x0000000088700000| Untracked 
| 136|0x0000000088800000, 0x0000000088800000, 0x0000000088900000|  0%| F|  |TAMS 0x0000000088800000, 0x0000000088800000| Untracked 
| 137|0x0000000088900000, 0x0000000088900000, 0x0000000088a00000|  0%| F|  |TAMS 0x0000000088900000, 0x0000000088900000| Untracked 
| 138|0x0000000088a00000, 0x0000000088a00000, 0x0000000088b00000|  0%| F|  |TAMS 0x0000000088a00000, 0x0000000088a00000| Untracked 
| 139|0x0000000088b00000, 0x0000000088b00000, 0x0000000088c00000|  0%| F|  |TAMS 0x0000000088b00000, 0x0000000088b00000| Untracked 
| 140|0x0000000088c00000, 0x0000000088c00000, 0x0000000088d00000|  0%| F|  |TAMS 0x0000000088c00000, 0x0000000088c00000| Untracked 
| 141|0x0000000088d00000, 0x0000000088d00000, 0x0000000088e00000|  0%| F|  |TAMS 0x0000000088d00000, 0x0000000088d00000| Untracked 
| 142|0x0000000088e00000, 0x0000000088e00000, 0x0000000088f00000|  0%| F|  |TAMS 0x0000000088e00000, 0x0000000088e00000| Untracked 
| 143|0x0000000088f00000, 0x0000000088f00000, 0x0000000089000000|  0%| F|  |TAMS 0x0000000088f00000, 0x0000000088f00000| Untracked 
| 144|0x0000000089000000, 0x0000000089000000, 0x0000000089100000|  0%| F|  |TAMS 0x0000000089000000, 0x0000000089000000| Untracked 
| 145|0x0000000089100000, 0x0000000089100000, 0x0000000089200000|  0%| F|  |TAMS 0x0000000089100000, 0x0000000089100000| Untracked 
| 146|0x0000000089200000, 0x0000000089200000, 0x0000000089300000|  0%| F|  |TAMS 0x0000000089200000, 0x0000000089200000| Untracked 
| 147|0x0000000089300000, 0x0000000089300000, 0x0000000089400000|  0%| F|  |TAMS 0x0000000089300000, 0x0000000089300000| Untracked 
| 148|0x0000000089400000, 0x0000000089400000, 0x0000000089500000|  0%| F|  |TAMS 0x0000000089400000, 0x0000000089400000| Untracked 
| 149|0x0000000089500000, 0x0000000089500000, 0x0000000089600000|  0%| F|  |TAMS 0x0000000089500000, 0x0000000089500000| Untracked 
| 150|0x0000000089600000, 0x0000000089600000, 0x0000000089700000|  0%| F|  |TAMS 0x0000000089600000, 0x0000000089600000| Untracked 
| 151|0x0000000089700000, 0x0000000089700000, 0x0000000089800000|  0%| F|  |TAMS 0x0000000089700000, 0x0000000089700000| Untracked 
| 152|0x0000000089800000, 0x0000000089800000, 0x0000000089900000|  0%| F|  |TAMS 0x0000000089800000, 0x0000000089800000| Untracked 
| 153|0x0000000089900000, 0x0000000089900000, 0x0000000089a00000|  0%| F|  |TAMS 0x0000000089900000, 0x0000000089900000| Untracked 
| 154|0x0000000089a00000, 0x0000000089a00000, 0x0000000089b00000|  0%| F|  |TAMS 0x0000000089a00000, 0x0000000089a00000| Untracked 
| 155|0x0000000089b00000, 0x0000000089b00000, 0x0000000089c00000|  0%| F|  |TAMS 0x0000000089b00000, 0x0000000089b00000| Untracked 
| 156|0x0000000089c00000, 0x0000000089c00000, 0x0000000089d00000|  0%| F|  |TAMS 0x0000000089c00000, 0x0000000089c00000| Untracked 
| 157|0x0000000089d00000, 0x0000000089dde4c8, 0x0000000089e00000| 86%| S|CS|TAMS 0x0000000089d00000, 0x0000000089d00000| Complete 
| 158|0x0000000089e00000, 0x0000000089f00000, 0x0000000089f00000|100%| S|CS|TAMS 0x0000000089e00000, 0x0000000089e00000| Complete 
| 159|0x0000000089f00000, 0x000000008a000000, 0x000000008a000000|100%| S|CS|TAMS 0x0000000089f00000, 0x0000000089f00000| Complete 
| 160|0x000000008a000000, 0x000000008a000000, 0x000000008a100000|  0%| F|  |TAMS 0x000000008a000000, 0x000000008a000000| Untracked 
| 161|0x000000008a100000, 0x000000008a100000, 0x000000008a200000|  0%| F|  |TAMS 0x000000008a100000, 0x000000008a100000| Untracked 
| 162|0x000000008a200000, 0x000000008a200000, 0x000000008a300000|  0%| F|  |TAMS 0x000000008a200000, 0x000000008a200000| Untracked 
| 163|0x000000008a300000, 0x000000008a300000, 0x000000008a400000|  0%| F|  |TAMS 0x000000008a300000, 0x000000008a300000| Untracked 
| 164|0x000000008a400000, 0x000000008a400000, 0x000000008a500000|  0%| F|  |TAMS 0x000000008a400000, 0x000000008a400000| Untracked 
| 165|0x000000008a500000, 0x000000008a500000, 0x000000008a600000|  0%| F|  |TAMS 0x000000008a500000, 0x000000008a500000| Untracked 
| 166|0x000000008a600000, 0x000000008a600000, 0x000000008a700000|  0%| F|  |TAMS 0x000000008a600000, 0x000000008a600000| Untracked 
| 167|0x000000008a700000, 0x000000008a700000, 0x000000008a800000|  0%| F|  |TAMS 0x000000008a700000, 0x000000008a700000| Untracked 
| 168|0x000000008a800000, 0x000000008a800000, 0x000000008a900000|  0%| F|  |TAMS 0x000000008a800000, 0x000000008a800000| Untracked 
| 169|0x000000008a900000, 0x000000008a900000, 0x000000008aa00000|  0%| F|  |TAMS 0x000000008a900000, 0x000000008a900000| Untracked 
| 170|0x000000008aa00000, 0x000000008aa00000, 0x000000008ab00000|  0%| F|  |TAMS 0x000000008aa00000, 0x000000008aa00000| Untracked 
| 171|0x000000008ab00000, 0x000000008ab00000, 0x000000008ac00000|  0%| F|  |TAMS 0x000000008ab00000, 0x000000008ab00000| Untracked 
| 172|0x000000008ac00000, 0x000000008ac00000, 0x000000008ad00000|  0%| F|  |TAMS 0x000000008ac00000, 0x000000008ac00000| Untracked 
| 173|0x000000008ad00000, 0x000000008ad00000, 0x000000008ae00000|  0%| F|  |TAMS 0x000000008ad00000, 0x000000008ad00000| Untracked 
| 174|0x000000008ae00000, 0x000000008ae00000, 0x000000008af00000|  0%| F|  |TAMS 0x000000008ae00000, 0x000000008ae00000| Untracked 
| 175|0x000000008af00000, 0x000000008af00000, 0x000000008b000000|  0%| F|  |TAMS 0x000000008af00000, 0x000000008af00000| Untracked 
| 176|0x000000008b000000, 0x000000008b000000, 0x000000008b100000|  0%| F|  |TAMS 0x000000008b000000, 0x000000008b000000| Untracked 
| 177|0x000000008b100000, 0x000000008b100000, 0x000000008b200000|  0%| F|  |TAMS 0x000000008b100000, 0x000000008b100000| Untracked 
| 178|0x000000008b200000, 0x000000008b200000, 0x000000008b300000|  0%| F|  |TAMS 0x000000008b200000, 0x000000008b200000| Untracked 
| 179|0x000000008b300000, 0x000000008b300000, 0x000000008b400000|  0%| F|  |TAMS 0x000000008b300000, 0x000000008b300000| Untracked 
| 180|0x000000008b400000, 0x000000008b400000, 0x000000008b500000|  0%| F|  |TAMS 0x000000008b400000, 0x000000008b400000| Untracked 
| 181|0x000000008b500000, 0x000000008b500000, 0x000000008b600000|  0%| F|  |TAMS 0x000000008b500000, 0x000000008b500000| Untracked 
| 182|0x000000008b600000, 0x000000008b600000, 0x000000008b700000|  0%| F|  |TAMS 0x000000008b600000, 0x000000008b600000| Untracked 
| 183|0x000000008b700000, 0x000000008b700000, 0x000000008b800000|  0%| F|  |TAMS 0x000000008b700000, 0x000000008b700000| Untracked 
| 184|0x000000008b800000, 0x000000008b8c74c0, 0x000000008b900000| 77%| E|  |TAMS 0x000000008b800000, 0x000000008b800000| Complete 
| 185|0x000000008b900000, 0x000000008ba00000, 0x000000008ba00000|100%| E|CS|TAMS 0x000000008b900000, 0x000000008b900000| Complete 
| 186|0x000000008ba00000, 0x000000008bb00000, 0x000000008bb00000|100%| E|CS|TAMS 0x000000008ba00000, 0x000000008ba00000| Complete 
| 187|0x000000008bb00000, 0x000000008bc00000, 0x000000008bc00000|100%| E|CS|TAMS 0x000000008bb00000, 0x000000008bb00000| Complete 
| 188|0x000000008bc00000, 0x000000008bd00000, 0x000000008bd00000|100%| E|CS|TAMS 0x000000008bc00000, 0x000000008bc00000| Complete 
| 189|0x000000008bd00000, 0x000000008be00000, 0x000000008be00000|100%| E|CS|TAMS 0x000000008bd00000, 0x000000008bd00000| Complete 
| 190|0x000000008be00000, 0x000000008bf00000, 0x000000008bf00000|100%| E|CS|TAMS 0x000000008be00000, 0x000000008be00000| Complete 
| 191|0x000000008bf00000, 0x000000008c000000, 0x000000008c000000|100%| E|CS|TAMS 0x000000008bf00000, 0x000000008bf00000| Complete 
| 192|0x000000008c000000, 0x000000008c100000, 0x000000008c100000|100%| E|CS|TAMS 0x000000008c000000, 0x000000008c000000| Complete 
| 193|0x000000008c100000, 0x000000008c200000, 0x000000008c200000|100%| E|CS|TAMS 0x000000008c100000, 0x000000008c100000| Complete 
| 194|0x000000008c200000, 0x000000008c300000, 0x000000008c300000|100%| E|CS|TAMS 0x000000008c200000, 0x000000008c200000| Complete 
| 195|0x000000008c300000, 0x000000008c400000, 0x000000008c400000|100%| E|CS|TAMS 0x000000008c300000, 0x000000008c300000| Complete 
| 196|0x000000008c400000, 0x000000008c500000, 0x000000008c500000|100%| E|CS|TAMS 0x000000008c400000, 0x000000008c400000| Complete 
| 197|0x000000008c500000, 0x000000008c600000, 0x000000008c600000|100%| E|CS|TAMS 0x000000008c500000, 0x000000008c500000| Complete 
| 198|0x000000008c600000, 0x000000008c700000, 0x000000008c700000|100%| E|CS|TAMS 0x000000008c600000, 0x000000008c600000| Complete 
| 199|0x000000008c700000, 0x000000008c800000, 0x000000008c800000|100%| E|CS|TAMS 0x000000008c700000, 0x000000008c700000| Complete 
| 200|0x000000008c800000, 0x000000008c900000, 0x000000008c900000|100%| E|CS|TAMS 0x000000008c800000, 0x000000008c800000| Complete 
| 201|0x000000008c900000, 0x000000008ca00000, 0x000000008ca00000|100%| E|CS|TAMS 0x000000008c900000, 0x000000008c900000| Complete 
| 202|0x000000008ca00000, 0x000000008cb00000, 0x000000008cb00000|100%| E|CS|TAMS 0x000000008ca00000, 0x000000008ca00000| Complete 
| 203|0x000000008cb00000, 0x000000008cc00000, 0x000000008cc00000|100%| E|CS|TAMS 0x000000008cb00000, 0x000000008cb00000| Complete 
| 204|0x000000008cc00000, 0x000000008cd00000, 0x000000008cd00000|100%| E|CS|TAMS 0x000000008cc00000, 0x000000008cc00000| Complete 
| 205|0x000000008cd00000, 0x000000008ce00000, 0x000000008ce00000|100%| E|  |TAMS 0x000000008cd00000, 0x000000008cd00000| Complete 
| 206|0x000000008ce00000, 0x000000008cf00000, 0x000000008cf00000|100%| E|CS|TAMS 0x000000008ce00000, 0x000000008ce00000| Complete 
| 207|0x000000008cf00000, 0x000000008d000000, 0x000000008d000000|100%| E|CS|TAMS 0x000000008cf00000, 0x000000008cf00000| Complete 
| 208|0x000000008d000000, 0x000000008d100000, 0x000000008d100000|100%| E|CS|TAMS 0x000000008d000000, 0x000000008d000000| Complete 
| 209|0x000000008d100000, 0x000000008d200000, 0x000000008d200000|100%| E|CS|TAMS 0x000000008d100000, 0x000000008d100000| Complete 
| 210|0x000000008d200000, 0x000000008d300000, 0x000000008d300000|100%| E|CS|TAMS 0x000000008d200000, 0x000000008d200000| Complete 
| 211|0x000000008d300000, 0x000000008d400000, 0x000000008d400000|100%| E|CS|TAMS 0x000000008d300000, 0x000000008d300000| Complete 
| 212|0x000000008d400000, 0x000000008d500000, 0x000000008d500000|100%| E|CS|TAMS 0x000000008d400000, 0x000000008d400000| Complete 
| 213|0x000000008d500000, 0x000000008d600000, 0x000000008d600000|100%| E|CS|TAMS 0x000000008d500000, 0x000000008d500000| Complete 
| 255|0x000000008ff00000, 0x0000000090000000, 0x0000000090000000|100%| E|CS|TAMS 0x000000008ff00000, 0x000000008ff00000| Complete 

Card table byte_map: [0x00000112e7fb0000,0x00000112e83b0000] _byte_map_base: 0x00000112e7bb0000

Marking Bits (Prev, Next): (CMBitMap*) 0x00000112d09af060, (CMBitMap*) 0x00000112d09af0a0
 Prev Bits: [0x00000112e87b0000, 0x00000112ea7b0000)
 Next Bits: [0x00000112ea7b0000, 0x00000112ec7b0000)

Polling page: 0x00000112d0150000

Metaspace:

Usage:
  Non-class:     96.91 MB capacity,    95.16 MB ( 98%) used,     1.49 MB (  2%) free+waste,   262.75 KB ( <1%) overhead. 
      Class:     14.09 MB capacity,    13.32 MB ( 95%) used,   679.69 KB (  5%) free+waste,   111.25 KB ( <1%) overhead. 
       Both:    111.00 MB capacity,   108.47 MB ( 98%) used,     2.16 MB (  2%) free+waste,   374.00 KB ( <1%) overhead. 

Virtual space:
  Non-class space:       98.00 MB reserved,      97.17 MB (>99%) committed 
      Class space:        1.00 GB reserved,      14.25 MB (  1%) committed 
             Both:        1.10 GB reserved,     111.42 MB ( 10%) committed 

Chunk freelists:
   Non-Class:  272.00 KB
       Class:  112.00 KB
        Both:  384.00 KB

MaxMetaspaceSize: 17179869184.00 GB
CompressedClassSpaceSize: 1.00 GB

CodeHeap 'non-profiled nmethods': size=120000Kb used=22032Kb max_used=22032Kb free=97967Kb
 bounds [0x00000112e0680000, 0x00000112e1c10000, 0x00000112e7bb0000]
CodeHeap 'profiled nmethods': size=120000Kb used=44535Kb max_used=44535Kb free=75464Kb
 bounds [0x00000112d9150000, 0x00000112dbcd0000, 0x00000112e0680000]
CodeHeap 'non-nmethods': size=5760Kb used=2461Kb max_used=2631Kb free=3298Kb
 bounds [0x00000112d8bb0000, 0x00000112d8e60000, 0x00000112d9150000]
 total_blobs=24162 nmethods=23201 adapters=872
 compilation: enabled
              stopped_count=0, restarted_count=0
 full_count=0

Compilation events (20 events):
Event: 6989.137 Thread 0x00000112eece1c50 nmethod 28911 0x00000112dbcc7d10 code [0x00000112dbcc7ee0, 0x00000112dbcc82f8]
Event: 6989.147 Thread 0x00000112eece1c50 28912       3       com.android.build.gradle.internal.tasks.DexArchiveBuilderTask_Decorated::getProjectOutputDex (44 bytes)
Event: 6989.147 Thread 0x00000112eece1c50 nmethod 28912 0x00000112dbcc8490 code [0x00000112dbcc86c0, 0x00000112dbcc9018]
Event: 6989.148 Thread 0x00000112eece1c50 28913       3       com.android.build.gradle.internal.tasks.DexArchiveBuilderTask_Decorated::getMixedScopeOutputDex (44 bytes)
Event: 6989.148 Thread 0x00000112eece1c50 nmethod 28913 0x00000112dbcc9310 code [0x00000112dbcc9540, 0x00000112dbcc9e98]
Event: 6989.156 Thread 0x00000112eece1c50 28916       3       org.gradle.api.internal.file.pattern.PatternMatcherFactory::compile (64 bytes)
Event: 6989.157 Thread 0x00000112eece1c50 nmethod 28916 0x00000112dbcca190 code [0x00000112dbcca460, 0x00000112dbccb108]
Event: 6989.157 Thread 0x00000112eece1c50 28917       3       org.gradle.api.internal.file.collections.DefaultConfigurableFileTree::builtBy (11 bytes)
Event: 6989.157 Thread 0x00000112eece1c50 nmethod 28917 0x00000112dbccb610 code [0x00000112dbccb7c0, 0x00000112dbccb928]
Event: 6989.157 Thread 0x00000112f5cacf80 28914       4       org.gradle.api.internal.tasks.DefaultTaskDependency::visitDependencies (712 bytes)
Event: 6989.169 Thread 0x00000112eece1c50 28918   !   3       jdk.internal.reflect.GeneratedConstructorAccessor78::newInstance (49 bytes)
Event: 6989.169 Thread 0x00000112eece1c50 nmethod 28918 0x00000112dbccba10 code [0x00000112dbccbc80, 0x00000112dbccc848]
Event: 6989.170 Thread 0x00000112eece1c50 28919       3       com.android.build.gradle.internal.services.BaseServicesImpl::getBuildServiceRegistry (8 bytes)
Event: 6989.171 Thread 0x00000112eece1c50 nmethod 28919 0x00000112dbcccd10 code [0x00000112dbcccea0, 0x00000112dbcccfb8]
Event: 6989.174 Thread 0x00000112eece1c50 28920       3       org.gradle.internal.reflect.annotations.impl.DefaultTypeAnnotationMetadataStore$$Lambda$435/0x00000008010a6e40::test (12 bytes)
Event: 6989.175 Thread 0x00000112eece1c50 nmethod 28920 0x00000112dbccd090 code [0x00000112dbccd240, 0x00000112dbccd4e8]
Event: 6989.176 Thread 0x00000112eece1c50 28921       2       com.google.common.collect.CompactHashMap$Itr::next (53 bytes)
Event: 6989.177 Thread 0x00000112eece1c50 nmethod 28921 0x00000112dbccd610 code [0x00000112dbccd7e0, 0x00000112dbccdb18]
Event: 6989.177 Thread 0x00000112eece1c50 28922       1       org.gradle.api.internal.tasks.properties.annotations.AbstractInputFilePropertyAnnotationHandler::isPropertyRelevant (2 bytes)
Event: 6989.178 Thread 0x00000112eece1c50 nmethod 28922 0x00000112e1bfb090 code [0x00000112e1bfb220, 0x00000112e1bfb2d8]

GC Heap History (20 events):
Event: 6926.545 GC heap before
{Heap before GC invocations=200 (full 0):
 garbage-first heap   total 220160K, used 176690K [0x0000000080000000, 0x0000000100000000)
  region size 1024K, 85 young (87040K), 6 survivors (6144K)
 Metaspace       used 110868K, capacity 113320K, committed 114096K, reserved 1148928K
  class space    used 13621K, capacity 14401K, committed 14592K, reserved 1048576K
}
Event: 6926.558 GC heap after
{Heap after GC invocations=201 (full 0):
 garbage-first heap   total 220160K, used 99638K [0x0000000080000000, 0x0000000100000000)
  region size 1024K, 10 young (10240K), 10 survivors (10240K)
 Metaspace       used 110868K, capacity 113320K, committed 114096K, reserved 1148928K
  class space    used 13621K, capacity 14401K, committed 14592K, reserved 1048576K
}
Event: 6926.659 GC heap before
{Heap before GC invocations=201 (full 0):
 garbage-first heap   total 220160K, used 100662K [0x0000000080000000, 0x0000000100000000)
  region size 1024K, 11 young (11264K), 10 survivors (10240K)
 Metaspace       used 110869K, capacity 113320K, committed 114096K, reserved 1148928K
  class space    used 13621K, capacity 14401K, committed 14592K, reserved 1048576K
}
Event: 6926.682 GC heap after
{Heap after GC invocations=202 (full 0):
 garbage-first heap   total 220160K, used 77548K [0x0000000080000000, 0x0000000100000000)
  region size 1024K, 2 young (2048K), 2 survivors (2048K)
 Metaspace       used 110869K, capacity 113320K, committed 114096K, reserved 1148928K
  class space    used 13621K, capacity 14401K, committed 14592K, reserved 1048576K
}
Event: 6926.872 GC heap before
{Heap before GC invocations=202 (full 0):
 garbage-first heap   total 220160K, used 95980K [0x0000000080000000, 0x0000000100000000)
  region size 1024K, 22 young (22528K), 2 survivors (2048K)
 Metaspace       used 110884K, capacity 113396K, committed 114096K, reserved 1148928K
  class space    used 13622K, capacity 14403K, committed 14592K, reserved 1048576K
}
Event: 6926.891 GC heap after
{Heap after GC invocations=203 (full 0):
 garbage-first heap   total 220160K, used 82035K [0x0000000080000000, 0x0000000100000000)
  region size 1024K, 6 young (6144K), 6 survivors (6144K)
 Metaspace       used 110884K, capacity 113396K, committed 114096K, reserved 1148928K
  class space    used 13622K, capacity 14403K, committed 14592K, reserved 1048576K
}
Event: 6927.157 GC heap before
{Heap before GC invocations=204 (full 0):
 garbage-first heap   total 220160K, used 92275K [0x0000000080000000, 0x0000000100000000)
  region size 1024K, 11 young (11264K), 6 survivors (6144K)
 Metaspace       used 110888K, capacity 113463K, committed 114096K, reserved 1148928K
  class space    used 13622K, capacity 14404K, committed 14592K, reserved 1048576K
}
Event: 6927.163 GC heap after
{Heap after GC invocations=205 (full 0):
 garbage-first heap   total 220160K, used 82897K [0x0000000080000000, 0x0000000100000000)
  region size 1024K, 1 young (1024K), 1 survivors (1024K)
 Metaspace       used 110888K, capacity 113463K, committed 114096K, reserved 1148928K
  class space    used 13622K, capacity 14404K, committed 14592K, reserved 1048576K
}
Event: 6966.930 GC heap before
{Heap before GC invocations=206 (full 0):
 garbage-first heap   total 220160K, used 136145K [0x0000000080000000, 0x0000000100000000)
  region size 1024K, 51 young (52224K), 1 survivors (1024K)
 Metaspace       used 110910K, capacity 113463K, committed 114096K, reserved 1148928K
  class space    used 13622K, capacity 14404K, committed 14592K, reserved 1048576K
}
Event: 6966.941 GC heap after
{Heap after GC invocations=207 (full 0):
 garbage-first heap   total 220160K, used 81142K [0x0000000080000000, 0x0000000100000000)
  region size 1024K, 5 young (5120K), 5 survivors (5120K)
 Metaspace       used 110910K, capacity 113463K, committed 114096K, reserved 1148928K
  class space    used 13622K, capacity 14404K, committed 14592K, reserved 1048576K
}
Event: 6968.549 GC heap before
{Heap before GC invocations=208 (full 0):
 garbage-first heap   total 220160K, used 184566K [0x0000000080000000, 0x0000000100000000)
  region size 1024K, 98 young (100352K), 5 survivors (5120K)
 Metaspace       used 110935K, capacity 113530K, committed 114096K, reserved 1148928K
  class space    used 13623K, capacity 14405K, committed 14592K, reserved 1048576K
}
Event: 6968.559 GC heap after
{Heap after GC invocations=209 (full 0):
 garbage-first heap   total 220160K, used 84717K [0x0000000080000000, 0x0000000100000000)
  region size 1024K, 9 young (9216K), 9 survivors (9216K)
 Metaspace       used 110935K, capacity 113530K, committed 114096K, reserved 1148928K
  class space    used 13623K, capacity 14405K, committed 14592K, reserved 1048576K
}
Event: 6968.569 GC heap before
{Heap before GC invocations=209 (full 0):
 garbage-first heap   total 220160K, used 85741K [0x0000000080000000, 0x0000000100000000)
  region size 1024K, 11 young (11264K), 9 survivors (9216K)
 Metaspace       used 110935K, capacity 113530K, committed 114096K, reserved 1148928K
  class space    used 13623K, capacity 14405K, committed 14592K, reserved 1048576K
}
Event: 6968.578 GC heap after
{Heap after GC invocations=210 (full 0):
 garbage-first heap   total 220160K, used 84911K [0x0000000080000000, 0x0000000100000000)
  region size 1024K, 4 young (4096K), 4 survivors (4096K)
 Metaspace       used 110935K, capacity 113530K, committed 114096K, reserved 1148928K
  class space    used 13623K, capacity 14405K, committed 14592K, reserved 1048576K
}
Event: 6982.532 GC heap before
{Heap before GC invocations=211 (full 0):
 garbage-first heap   total 220160K, used 188335K [0x0000000080000000, 0x0000000100000000)
  region size 1024K, 87 young (89088K), 4 survivors (4096K)
 Metaspace       used 110979K, capacity 113573K, committed 114096K, reserved 1148928K
  class space    used 13628K, capacity 14413K, committed 14592K, reserved 1048576K
}
Event: 6982.540 GC heap after
{Heap after GC invocations=212 (full 0):
 garbage-first heap   total 220160K, used 87630K [0x0000000080000000, 0x0000000100000000)
  region size 1024K, 7 young (7168K), 7 survivors (7168K)
 Metaspace       used 110979K, capacity 113573K, committed 114096K, reserved 1148928K
  class space    used 13628K, capacity 14413K, committed 14592K, reserved 1048576K
}
Event: 6982.569 GC heap before
{Heap before GC invocations=212 (full 0):
 garbage-first heap   total 220160K, used 89678K [0x0000000080000000, 0x0000000100000000)
  region size 1024K, 10 young (10240K), 7 survivors (7168K)
 Metaspace       used 110979K, capacity 113573K, committed 114096K, reserved 1148928K
  class space    used 13628K, capacity 14413K, committed 14592K, reserved 1048576K
}
Event: 6982.597 GC heap after
{Heap after GC invocations=213 (full 0):
 garbage-first heap   total 220160K, used 78762K [0x0000000080000000, 0x0000000100000000)
  region size 1024K, 1 young (1024K), 1 survivors (1024K)
 Metaspace       used 110979K, capacity 113573K, committed 114096K, reserved 1148928K
  class space    used 13628K, capacity 14413K, committed 14592K, reserved 1048576K
}
Event: 6983.337 GC heap before
{Heap before GC invocations=213 (full 0):
 garbage-first heap   total 220160K, used 132010K [0x0000000080000000, 0x0000000100000000)
  region size 1024K, 55 young (56320K), 1 survivors (1024K)
 Metaspace       used 110992K, capacity 113576K, committed 114096K, reserved 1148928K
  class space    used 13628K, capacity 14414K, committed 14592K, reserved 1048576K
}
Event: 6983.348 GC heap after
{Heap after GC invocations=214 (full 0):
 garbage-first heap   total 220160K, used 80675K [0x0000000080000000, 0x0000000100000000)
  region size 1024K, 3 young (3072K), 3 survivors (3072K)
 Metaspace       used 110992K, capacity 113576K, committed 114096K, reserved 1148928K
  class space    used 13628K, capacity 14414K, committed 14592K, reserved 1048576K
}

Deoptimization events (20 events):
Event: 6982.166 Thread 0x00000112f3c3c440 Uncommon trap: trap_request=0xffffffbe fr.pc=0x00000112e1ba4048 relative=0x0000000000002288
Event: 6982.166 Thread 0x00000112f3c3c440 Uncommon trap: reason=profile_predicate action=maybe_recompile pc=0x00000112e1ba4048 method=java.util.concurrent.ConcurrentHashMap$Traverser.advance()Ljava/util/concurrent/ConcurrentHashMap$Node; @ 15 c2
Event: 6982.166 Thread 0x00000112f3c3c440 DEOPT PACKING pc=0x00000112e1ba4048 sp=0x00000002075fd410
Event: 6982.166 Thread 0x00000112f3c3c440 DEOPT UNPACKING pc=0x00000112d8bfe42f sp=0x00000002075fd248 mode 2
Event: 6982.416 Thread 0x00000112f5ec4400 DEOPT PACKING pc=0x00000112db53e3ae sp=0x000000020f1fbff0
Event: 6982.416 Thread 0x00000112f5ec4400 DEOPT UNPACKING pc=0x00000112d8bfe23f sp=0x000000020f1fb578 mode 0
Event: 6983.301 Thread 0x00000112f6315740 DEOPT PACKING pc=0x00000112dba3e1d8 sp=0x000000020ecfde60
Event: 6983.301 Thread 0x00000112f6315740 DEOPT UNPACKING pc=0x00000112d8bfe23f sp=0x000000020ecfd3c8 mode 0
Event: 6988.809 Thread 0x00000112f3c3c440 Uncommon trap: trap_request=0xffffffbe fr.pc=0x00000112e1ba4048 relative=0x0000000000002288
Event: 6988.809 Thread 0x00000112f3c3c440 Uncommon trap: reason=profile_predicate action=maybe_recompile pc=0x00000112e1ba4048 method=java.util.concurrent.ConcurrentHashMap$Traverser.advance()Ljava/util/concurrent/ConcurrentHashMap$Node; @ 15 c2
Event: 6988.809 Thread 0x00000112f3c3c440 DEOPT PACKING pc=0x00000112e1ba4048 sp=0x00000002075fd700
Event: 6988.809 Thread 0x00000112f3c3c440 DEOPT UNPACKING pc=0x00000112d8bfe42f sp=0x00000002075fd538 mode 2
Event: 6988.812 Thread 0x00000112f3c3c440 Uncommon trap: trap_request=0xffffffbe fr.pc=0x00000112e1ba4048 relative=0x0000000000002288
Event: 6988.812 Thread 0x00000112f3c3c440 Uncommon trap: reason=profile_predicate action=maybe_recompile pc=0x00000112e1ba4048 method=java.util.concurrent.ConcurrentHashMap$Traverser.advance()Ljava/util/concurrent/ConcurrentHashMap$Node; @ 15 c2
Event: 6988.812 Thread 0x00000112f3c3c440 DEOPT PACKING pc=0x00000112e1ba4048 sp=0x00000002075fd410
Event: 6988.812 Thread 0x00000112f3c3c440 DEOPT UNPACKING pc=0x00000112d8bfe42f sp=0x00000002075fd248 mode 2
Event: 6989.174 Thread 0x00000112f3c3c440 Uncommon trap: trap_request=0xffffff45 fr.pc=0x00000112e1258414 relative=0x00000000000002b4
Event: 6989.174 Thread 0x00000112f3c3c440 Uncommon trap: reason=unstable_if action=reinterpret pc=0x00000112e1258414 method=com.google.common.collect.ImmutableSortedSet.copyOf(Ljava/util/Comparator;Ljava/lang/Iterable;)Lcom/google/common/collect/ImmutableSortedSet; @ 19 c2
Event: 6989.174 Thread 0x00000112f3c3c440 DEOPT PACKING pc=0x00000112e1258414 sp=0x00000002075fa680
Event: 6989.174 Thread 0x00000112f3c3c440 DEOPT UNPACKING pc=0x00000112d8bfe42f sp=0x00000002075fa630 mode 2

Classes unloaded (20 events):
Event: 6672.586 Thread 0x00000112eecb8390 Unloading class 0x0000000801978040 'jdk/internal/reflect/GeneratedConstructorAccessor352'
Event: 6672.586 Thread 0x00000112eecb8390 Unloading class 0x0000000801977c40 'jdk/internal/reflect/GeneratedConstructorAccessor351'
Event: 6672.586 Thread 0x00000112eecb8390 Unloading class 0x0000000801977840 'jdk/internal/reflect/GeneratedConstructorAccessor350'
Event: 6672.586 Thread 0x00000112eecb8390 Unloading class 0x0000000801977440 'jdk/internal/reflect/GeneratedConstructorAccessor349'
Event: 6672.586 Thread 0x00000112eecb8390 Unloading class 0x0000000801977040 'jdk/internal/reflect/GeneratedConstructorAccessor348'
Event: 6672.586 Thread 0x00000112eecb8390 Unloading class 0x0000000801976c40 'jdk/internal/reflect/GeneratedConstructorAccessor347'
Event: 6672.586 Thread 0x00000112eecb8390 Unloading class 0x0000000801976840 'jdk/internal/reflect/GeneratedConstructorAccessor346'
Event: 6672.586 Thread 0x00000112eecb8390 Unloading class 0x0000000801976440 'jdk/internal/reflect/GeneratedConstructorAccessor345'
Event: 6672.586 Thread 0x00000112eecb8390 Unloading class 0x0000000801976040 'jdk/internal/reflect/GeneratedConstructorAccessor344'
Event: 6672.586 Thread 0x00000112eecb8390 Unloading class 0x0000000801975c40 'jdk/internal/reflect/GeneratedConstructorAccessor343'
Event: 6672.586 Thread 0x00000112eecb8390 Unloading class 0x0000000801974c40 'jdk/internal/reflect/GeneratedConstructorAccessor340'
Event: 6672.587 Thread 0x00000112eecb8390 Unloading class 0x000000080190b840 'jdk/internal/reflect/GeneratedConstructorAccessor244'
Event: 6672.587 Thread 0x00000112eecb8390 Unloading class 0x000000080190b440 'jdk/internal/reflect/GeneratedConstructorAccessor243'
Event: 6672.587 Thread 0x00000112eecb8390 Unloading class 0x000000080190b040 'jdk/internal/reflect/GeneratedConstructorAccessor242'
Event: 6672.587 Thread 0x00000112eecb8390 Unloading class 0x000000080190ac40 'jdk/internal/reflect/GeneratedConstructorAccessor241'
Event: 6672.587 Thread 0x00000112eecb8390 Unloading class 0x000000080190a840 'jdk/internal/reflect/GeneratedConstructorAccessor240'
Event: 6672.587 Thread 0x00000112eecb8390 Unloading class 0x0000000801908c40 'jdk/internal/reflect/GeneratedConstructorAccessor235'
Event: 6672.587 Thread 0x00000112eecb8390 Unloading class 0x0000000801908840 'jdk/internal/reflect/GeneratedConstructorAccessor234'
Event: 6672.587 Thread 0x00000112eecb8390 Unloading class 0x0000000801908440 'jdk/internal/reflect/GeneratedConstructorAccessor233'
Event: 6672.587 Thread 0x00000112eecb8390 Unloading class 0x00000008015c3040 'jdk/internal/reflect/GeneratedConstructorAccessor87'

Classes redefined (0 events):
No events

Internal exceptions (20 events):
Event: 6982.165 Thread 0x00000112f3c3c440 Implicit null exception at 0x00000112e1ba1f06 to 0x00000112e1ba4034
Event: 6982.166 Thread 0x00000112f3c3c440 Implicit null exception at 0x00000112e1ba1f06 to 0x00000112e1ba4034
Event: 6982.271 Thread 0x00000112f3c3c440 Exception <a 'java/lang/NoClassDefFoundError'{0x000000008bdfd1b0}: org/jetbrains/kotlin/gradle/plugin/KotlinBasePluginWrapper> (0x000000008bdfd1b0) 
thrown [./open/src/hotspot/share/oops/constantPool.cpp, line 804]
Event: 6982.297 Thread 0x00000112f3c3c440 Exception <a 'java/lang/NoClassDefFoundError'{0x000000008ba4cb78}: org/jetbrains/kotlin/gradle/plugin/KotlinBasePluginWrapper> (0x000000008ba4cb78) 
thrown [./open/src/hotspot/share/oops/constantPool.cpp, line 804]
Event: 6982.306 Thread 0x00000112f3c3c440 Exception <a 'sun/nio/fs/WindowsException'{0x000000008b9383d8}> (0x000000008b9383d8) 
thrown [./open/src/hotspot/share/prims/jni.cpp, line 578]
Event: 6982.309 Thread 0x00000112f3c3c440 Exception <a 'sun/nio/fs/WindowsException'{0x000000008b9cdc50}> (0x000000008b9cdc50) 
thrown [./open/src/hotspot/share/prims/jni.cpp, line 578]
Event: 6982.309 Thread 0x00000112f3c3c440 Exception <a 'sun/nio/fs/WindowsException'{0x000000008b9ceea0}> (0x000000008b9ceea0) 
thrown [./open/src/hotspot/share/prims/jni.cpp, line 578]
Event: 6982.309 Thread 0x00000112f3c3c440 Exception <a 'sun/nio/fs/WindowsException'{0x000000008b9d0140}> (0x000000008b9d0140) 
thrown [./open/src/hotspot/share/prims/jni.cpp, line 578]
Event: 6982.309 Thread 0x00000112f3c3c440 Exception <a 'sun/nio/fs/WindowsException'{0x000000008b9d13e0}> (0x000000008b9d13e0) 
thrown [./open/src/hotspot/share/prims/jni.cpp, line 578]
Event: 6983.287 Thread 0x00000112f6315740 Exception <a 'sun/nio/fs/WindowsException'{0x000000008b76eb28}> (0x000000008b76eb28) 
thrown [./open/src/hotspot/share/prims/jni.cpp, line 578]
Event: 6983.287 Thread 0x00000112f6315740 Exception <a 'sun/nio/fs/WindowsException'{0x000000008b76ef98}> (0x000000008b76ef98) 
thrown [./open/src/hotspot/share/prims/jni.cpp, line 578]
Event: 6988.809 Thread 0x00000112f3c3c440 Implicit null exception at 0x00000112e1ba1f06 to 0x00000112e1ba4034
Event: 6988.812 Thread 0x00000112f3c3c440 Implicit null exception at 0x00000112e1ba1f06 to 0x00000112e1ba4034
Event: 6989.048 Thread 0x00000112f3c3c440 Exception <a 'java/lang/NoClassDefFoundError'{0x000000008c29b010}: org/jetbrains/kotlin/gradle/plugin/KotlinBasePluginWrapper> (0x000000008c29b010) 
thrown [./open/src/hotspot/share/oops/constantPool.cpp, line 804]
Event: 6989.081 Thread 0x00000112f3c3c440 Exception <a 'java/lang/NoClassDefFoundError'{0x000000008c0e1ec0}: org/jetbrains/kotlin/gradle/plugin/KotlinBasePluginWrapper> (0x000000008c0e1ec0) 
thrown [./open/src/hotspot/share/oops/constantPool.cpp, line 804]
Event: 6989.093 Thread 0x00000112f3c3c440 Exception <a 'sun/nio/fs/WindowsException'{0x000000008bfa8078}> (0x000000008bfa8078) 
thrown [./open/src/hotspot/share/prims/jni.cpp, line 578]
Event: 6989.102 Thread 0x00000112f3c3c440 Exception <a 'sun/nio/fs/WindowsException'{0x000000008be3b3a8}> (0x000000008be3b3a8) 
thrown [./open/src/hotspot/share/prims/jni.cpp, line 578]
Event: 6989.102 Thread 0x00000112f3c3c440 Exception <a 'sun/nio/fs/WindowsException'{0x000000008be3c5f8}> (0x000000008be3c5f8) 
thrown [./open/src/hotspot/share/prims/jni.cpp, line 578]
Event: 6989.102 Thread 0x00000112f3c3c440 Exception <a 'sun/nio/fs/WindowsException'{0x000000008be3d898}> (0x000000008be3d898) 
thrown [./open/src/hotspot/share/prims/jni.cpp, line 578]
Event: 6989.102 Thread 0x00000112f3c3c440 Exception <a 'sun/nio/fs/WindowsException'{0x000000008be3eb38}> (0x000000008be3eb38) 
thrown [./open/src/hotspot/share/prims/jni.cpp, line 578]

Events (20 events):
Event: 6983.479 Executing VM operation: G1Concurrent done
Event: 6983.480 Executing VM operation: HandshakeAllThreads
Event: 6983.480 Executing VM operation: HandshakeAllThreads done
Event: 6983.554 Executing VM operation: G1Concurrent
Event: 6983.554 Executing VM operation: G1Concurrent done
Event: 6988.799 Thread 0x00000112f63178f0 Thread added: 0x00000112f63178f0
Event: 6988.803 Thread 0x00000112f6315740 Thread added: 0x00000112f6315740
Event: 6988.808 Thread 0x00000112f6317dc0 Thread added: 0x00000112f6317dc0
Event: 6988.808 Thread 0x00000112f6318c30 Thread added: 0x00000112f6318c30
Event: 6988.809 Thread 0x00000112f6312250 Thread added: 0x00000112f6312250
Event: 6988.819 Thread 0x00000112f6312bf0 Thread added: 0x00000112f6312bf0
Event: 6988.889 Thread 0x00000112f6313590 Thread added: 0x00000112f6313590
Event: 6988.894 Thread 0x00000112f6316a80 Thread added: 0x00000112f6316a80
Event: 6988.896 Thread 0x00000112f6313f30 Thread added: 0x00000112f6313f30
Event: 6988.923 Thread 0x00000112f5ec7dc0 Thread added: 0x00000112f5ec7dc0
Event: 6988.977 Thread 0x00000112f5ec65b0 Thread added: 0x00000112f5ec65b0
Event: 6988.977 Thread 0x00000112f5ec2bf0 Thread added: 0x00000112f5ec2bf0
Event: 6988.978 Thread 0x00000112f5ec3590 Thread added: 0x00000112f5ec3590
Event: 6988.978 Thread 0x00000112f5ec8290 Thread added: 0x00000112f5ec8290
Event: 6989.157 Thread 0x00000112f5cacf80 Thread added: 0x00000112f5cacf80


Dynamic libraries:
0x00007ff7840e0000 - 0x00007ff7840ef000 	C:\Program Files\Java\jdk-15.0.2\bin\java.exe
0x00007ffc1e5b0000 - 0x00007ffc1e7a6000 	C:\Windows\SYSTEM32\ntdll.dll
0x00007ffc1ce30000 - 0x00007ffc1ceed000 	C:\Windows\System32\KERNEL32.DLL
0x00007ffc1bda0000 - 0x00007ffc1c069000 	C:\Windows\System32\KERNELBASE.dll
0x00007ffc1c4e0000 - 0x00007ffc1c5e0000 	C:\Windows\System32\ucrtbase.dll
0x00007ffc096d0000 - 0x00007ffc096e8000 	C:\Program Files\Java\jdk-15.0.2\bin\jli.dll
0x00007ffc15760000 - 0x00007ffc15779000 	C:\Program Files\Java\jdk-15.0.2\bin\VCRUNTIME140.dll
0x00007ffc1c750000 - 0x00007ffc1c7fc000 	C:\Windows\System32\ADVAPI32.dll
0x00007ffc1e210000 - 0x00007ffc1e2ae000 	C:\Windows\System32\msvcrt.dll
0x00007ffc1d080000 - 0x00007ffc1d11c000 	C:\Windows\System32\sechost.dll
0x00007ffc1cf50000 - 0x00007ffc1d07b000 	C:\Windows\System32\RPCRT4.dll
0x00007ffc1d190000 - 0x00007ffc1d330000 	C:\Windows\System32\USER32.dll
0x00007ffc00aa0000 - 0x00007ffc00d3b000 	C:\Windows\WinSxS\amd64_microsoft.windows.common-controls_6595b64144ccf1df_6.0.19041.746_none_ca02b4b61b8320a4\COMCTL32.dll
0x00007ffc1c070000 - 0x00007ffc1c092000 	C:\Windows\System32\win32u.dll
0x00007ffc1c720000 - 0x00007ffc1c74a000 	C:\Windows\System32\GDI32.dll
0x00007ffc1c200000 - 0x00007ffc1c30b000 	C:\Windows\System32\gdi32full.dll
0x00007ffc118b0000 - 0x00007ffc118ba000 	C:\Windows\SYSTEM32\VERSION.dll
0x00007ffc1c370000 - 0x00007ffc1c40d000 	C:\Windows\System32\msvcp_win.dll
0x00007ffc1e4a0000 - 0x00007ffc1e4d0000 	C:\Windows\System32\IMM32.DLL
0x00007ffc17020000 - 0x00007ffc1702c000 	C:\Program Files\Java\jdk-15.0.2\bin\vcruntime140_1.dll
0x00007ffc07a10000 - 0x00007ffc07aa1000 	C:\Program Files\Java\jdk-15.0.2\bin\msvcp140.dll
0x00007ffbdf300000 - 0x00007ffbdfe5e000 	C:\Program Files\Java\jdk-15.0.2\bin\server\jvm.dll
0x00007ffc1e4d0000 - 0x00007ffc1e4d8000 	C:\Windows\System32\PSAPI.DLL
0x00007ffc0b730000 - 0x00007ffc0b757000 	C:\Windows\SYSTEM32\WINMM.dll
0x00007ffc19530000 - 0x00007ffc19539000 	C:\Windows\SYSTEM32\WSOCK32.dll
0x00007ffc1d120000 - 0x00007ffc1d18b000 	C:\Windows\System32\WS2_32.dll
0x00007ffc19c50000 - 0x00007ffc19c62000 	C:\Windows\SYSTEM32\kernel.appcore.dll
0x00007ffc16ee0000 - 0x00007ffc16eea000 	C:\Program Files\Java\jdk-15.0.2\bin\jimage.dll
0x00007ffc08570000 - 0x00007ffc08754000 	C:\Windows\SYSTEM32\DBGHELP.DLL
0x00007ffc18ea0000 - 0x00007ffc18ecc000 	C:\Windows\SYSTEM32\dbgcore.DLL
0x00007ffc1c410000 - 0x00007ffc1c490000 	C:\Windows\System32\bcryptPrimitives.dll
0x00007ffc094d0000 - 0x00007ffc094f5000 	C:\Program Files\Java\jdk-15.0.2\bin\java.dll
0x00007ffc1d350000 - 0x00007ffc1da93000 	C:\Windows\System32\SHELL32.dll
0x00007ffc19e50000 - 0x00007ffc1a5df000 	C:\Windows\SYSTEM32\windows.storage.dll
0x00007ffc1deb0000 - 0x00007ffc1e206000 	C:\Windows\System32\combase.dll
0x00007ffc1b6e0000 - 0x00007ffc1b70c000 	C:\Windows\SYSTEM32\Wldp.dll
0x00007ffc1e2b0000 - 0x00007ffc1e35e000 	C:\Windows\System32\SHCORE.dll
0x00007ffc1dd80000 - 0x00007ffc1ddd5000 	C:\Windows\System32\shlwapi.dll
0x00007ffc1bc20000 - 0x00007ffc1bc46000 	C:\Windows\SYSTEM32\profapi.dll
0x00007ffc096b0000 - 0x00007ffc096c9000 	C:\Program Files\Java\jdk-15.0.2\bin\net.dll
0x00007ffc0c170000 - 0x00007ffc0c270000 	C:\Windows\SYSTEM32\WINHTTP.dll
0x00007ffc1b460000 - 0x00007ffc1b4ca000 	C:\Windows\system32\mswsock.dll
0x00007ffc093d0000 - 0x00007ffc093e2000 	C:\Program Files\Java\jdk-15.0.2\bin\nio.dll
0x00007ffc081d0000 - 0x00007ffc081e8000 	C:\Program Files\Java\jdk-15.0.2\bin\zip.dll
0x00007ffc16eb0000 - 0x00007ffc16ec0000 	C:\Program Files\Java\jdk-15.0.2\bin\verify.dll
0x00007ffc026a0000 - 0x00007ffc026c7000 	C:\Users\meirb\.gradle\native\fdc75f09e3144964f2cf3f50f0aa648679c211496f362492102eb8c894070792\windows-amd64\native-platform.dll
0x00007ffbdc5f0000 - 0x00007ffbdc786000 	C:\Users\meirb\.gradle\native\12488b8bf47d2d4c9fbf2f6322a914ad602e24e48041cd04a747c6da556b65c4\windows-amd64\native-platform-file-events.dll
0x00007ffc15000000 - 0x00007ffc15009000 	C:\Program Files\Java\jdk-15.0.2\bin\management.dll
0x00007ffc09ff0000 - 0x00007ffc09ffb000 	C:\Program Files\Java\jdk-15.0.2\bin\management_ext.dll
0x00007ffc1b630000 - 0x00007ffc1b648000 	C:\Windows\SYSTEM32\CRYPTSP.dll
0x00007ffc1ae00000 - 0x00007ffc1ae34000 	C:\Windows\system32\rsaenh.dll
0x00007ffc1c5e0000 - 0x00007ffc1c607000 	C:\Windows\System32\bcrypt.dll
0x00007ffc1bba0000 - 0x00007ffc1bbce000 	C:\Windows\SYSTEM32\USERENV.dll
0x00007ffc1b650000 - 0x00007ffc1b65c000 	C:\Windows\SYSTEM32\CRYPTBASE.dll
0x00007ffc1b150000 - 0x00007ffc1b18b000 	C:\Windows\SYSTEM32\IPHLPAPI.DLL
0x00007ffc1dbc0000 - 0x00007ffc1dbc8000 	C:\Windows\System32\NSI.dll
0x00007ffc0c050000 - 0x00007ffc0c067000 	C:\Windows\SYSTEM32\dhcpcsvc6.DLL
0x00007ffc0c030000 - 0x00007ffc0c04d000 	C:\Windows\SYSTEM32\dhcpcsvc.DLL
0x00007ffc1b190000 - 0x00007ffc1b25b000 	C:\Windows\SYSTEM32\DNSAPI.dll
0x00007ffc0c100000 - 0x00007ffc0c10b000 	C:\Windows\SYSTEM32\WINNSI.DLL

dbghelp: loaded successfully - version: 4.0.5 - missing functions: none
symbol engine: initialized successfully - sym options: 0x614 - pdb path: .;C:\Program Files\Java\jdk-15.0.2\bin;C:\Windows\SYSTEM32;C:\Windows\WinSxS\amd64_microsoft.windows.common-controls_6595b64144ccf1df_6.0.19041.746_none_ca02b4b61b8320a4;C:\Program Files\Java\jdk-15.0.2\bin\server;C:\Users\meirb\.gradle\native\fdc75f09e3144964f2cf3f50f0aa648679c211496f362492102eb8c894070792\windows-amd64;C:\Users\meirb\.gradle\native\12488b8bf47d2d4c9fbf2f6322a914ad602e24e48041cd04a747c6da556b65c4\windows-amd64

VM Arguments:
jvm_args: --add-opens=java.base/java.util=ALL-UNNAMED --add-opens=java.base/java.lang=ALL-UNNAMED --add-opens=java.base/java.lang.invoke=ALL-UNNAMED --add-opens=java.prefs/java.util.prefs=ALL-UNNAMED -Xmx2048m -Dfile.encoding=UTF-8 -Duser.country=US -Duser.language=en -Duser.variant 
java_command: org.gradle.launcher.daemon.bootstrap.GradleDaemon 6.8.1
java_class_path (initial): C:\Users\meirb\.gradle\wrapper\dists\gradle-6.8.1-bin\292llow5buzp6wg9rco3vjhoc\gradle-6.8.1\lib\gradle-launcher-6.8.1.jar
Launcher Type: SUN_STANDARD

[Global flags]
     intx CICompilerCount                          = 3                                         {product} {ergonomic}
     uint ConcGCThreads                            = 1                                         {product} {ergonomic}
     uint G1ConcRefinementThreads                  = 4                                         {product} {ergonomic}
   size_t G1HeapRegionSize                         = 1048576                                   {product} {ergonomic}
    uintx GCDrainStackTargetSize                   = 64                                        {product} {ergonomic}
   size_t InitialHeapSize                          = 268435456                                 {product} {ergonomic}
   size_t MarkStackSize                            = 4194304                                   {product} {ergonomic}
   size_t MaxHeapSize                              = 2147483648                                {product} {command line}
   size_t MaxNewSize                               = 1287651328                                {product} {ergonomic}
   size_t MinHeapDeltaBytes                        = 1048576                                   {product} {ergonomic}
   size_t MinHeapSize                              = 8388608                                   {product} {ergonomic}
    uintx NonNMethodCodeHeapSize                   = 5832780                                {pd product} {ergonomic}
    uintx NonProfiledCodeHeapSize                  = 122912730                              {pd product} {ergonomic}
    uintx ProfiledCodeHeapSize                     = 122912730                              {pd product} {ergonomic}
    uintx ReservedCodeCacheSize                    = 251658240                              {pd product} {ergonomic}
     bool SegmentedCodeCache                       = true                                      {product} {ergonomic}
   size_t SoftMaxHeapSize                          = 2147483648                             {manageable} {ergonomic}
     bool UseCompressedClassPointers               = true                                 {lp64_product} {ergonomic}
     bool UseCompressedOops                        = true                                 {lp64_product} {ergonomic}
     bool UseG1GC                                  = true                                      {product} {ergonomic}
     bool UseLargePagesIndividualAllocation        = false                                  {pd product} {ergonomic}

Logging:
Log output configuration:
 #0: stdout all=warning uptime,level,tags
 #1: stderr all=off uptime,level,tags

Environment Variables:
JAVA_HOME=C:\Program Files\Java\jdk-15.0.2
PATH=C:\Python39\Scripts\;C:\Python39\;C:\Program Files\Common Files\Oracle\Java\javapath;C:\Program Files (x86)\Common Files\Oracle\Java\javapath;C:\Windows\system32;C:\Windows;C:\Windows\System32\Wbem;C:\Windows\System32\WindowsPowerShell\v1.0\;C:\Windows\System32\OpenSSH\;C:\Program Files (x86)\NVIDIA Corporation\PhysX\Common;C:\Program Files\NVIDIA Corporation\NVIDIA NvDLISR;C:\Program Files\Git\cmd;C:\Program Files\Java\jdk-15.0.2\bin;C:\Program Files\Microsoft VS Code\bin;C:\Program Files\nodejs\;C:\ProgramData\chocolatey\bin;C:\Users\meirb\AppData\Local\Microsoft\WindowsApps;C:\Users\meirb\AppData\Local\GitHubDesktop\bin;C:\Program Files\JetBrains\PhpStorm 2020.3.1\bin;;C:\Program Files\JetBrains\IntelliJ IDEA Community Edition 2020.3.1\bin;;C:\Program Files\JetBrains\IntelliJ IDEA 2020.3.1\bin;;C:\Users\meirb\AppData\Roaming\npm
USERNAME=meirb
OS=Windows_NT
PROCESSOR_IDENTIFIER=Intel64 Family 6 Model 142 Stepping 9, GenuineIntel



---------------  S Y S T E M  ---------------

OS:
 Windows 10 , 64 bit Build 19041 (10.0.19041.662)
OS uptime: 12 days 13:24 hours

CPU: total 4 (initial active 4) (2 cores per cpu, 2 threads per core) family 6 model 142 stepping 9 microcode 0xb4, cmov, cx8, fxsr, mmx, sse, sse2, sse3, ssse3, sse4.1, sse4.2, popcnt, vzeroupper, avx, avx2, aes, clmul, erms, 3dnowpref, lzcnt, ht, tsc, tscinvbit, bmi1, bmi2, adx, fma, clflush, clflushopt

Memory: 4k page, system-wide physical 16261M (1302M free)
TotalPageFile size 16261M (AvailPageFile size 15M)
current process WorkingSet (physical memory assigned to process): 512M, peak: 548M
current process commit charge ("private bytes"): 588M, peak: 611M

vm_info: Java HotSpot(TM) 64-Bit Server VM (15.0.2+7-27) for windows-amd64 JRE (15.0.2+7-27), built on Dec  7 2020 20:07:01 by "mach5one" with unknown MS VC++:1925

END.
